[debug] [2020-04-22T13:59:44.566Z] ----------------------------------------------------------------------
[debug] [2020-04-22T13:59:44.567Z] Command:       /usr/local/bin/node /usr/local/bin/firebase deploy -m Criando calculadora
[debug] [2020-04-22T13:59:44.568Z] CLI Version:   7.14.0
[debug] [2020-04-22T13:59:44.568Z] Platform:      linux
[debug] [2020-04-22T13:59:44.568Z] Node Version:  v10.16.3
[debug] [2020-04-22T13:59:44.568Z] Time:          Wed Apr 22 2020 10:59:44 GMT-0300 (GMT-03:00)
[debug] [2020-04-22T13:59:44.568Z] ----------------------------------------------------------------------
[debug] [2020-04-22T13:59:44.568Z] 
[debug] [2020-04-22T13:59:44.578Z] > command requires scopes: ["email","openid","https://www.googleapis.com/auth/cloudplatformprojects.readonly","https://www.googleapis.com/auth/firebase","https://www.googleapis.com/auth/cloud-platform"]
[debug] [2020-04-22T13:59:44.578Z] > authorizing via signed-in user
[debug] [2020-04-22T13:59:44.578Z] [iam] checking project calculator-27520 for permissions ["firebase.projects.get","firebasehosting.sites.update"]
[debug] [2020-04-22T13:59:44.580Z] >>> HTTP REQUEST POST https://cloudresourcemanager.googleapis.com/v1/projects/calculator-27520:testIamPermissions  

[debug] [2020-04-22T13:59:48.742Z] <<< HTTP RESPONSE 200
[debug] [2020-04-22T13:59:48.743Z] >>> HTTP REQUEST GET https://firebase.googleapis.com/v1beta1/projects/calculator-27520  
 
[debug] [2020-04-22T13:59:53.161Z] <<< HTTP RESPONSE 200
[info] 
[info] === Deploying to 'calculator-27520'...
[info] 
[info] i  deploying hosting
[debug] [2020-04-22T13:59:53.172Z] >>> HTTP REQUEST POST https://firebasehosting.googleapis.com/v1beta1/sites/calculator-27520/versions  

[debug] [2020-04-22T13:59:57.969Z] <<< HTTP RESPONSE 200
[info] i  hosting[calculator-27520]: beginning deploy...
[info] i  hosting[calculator-27520]: found 89 files in 
[debug] [2020-04-22T13:59:58.030Z] [hosting] hash cache [] not populated
[debug] [2020-04-22T13:59:58.157Z] [hosting] hash cache [] stored for 89 files
[debug] [2020-04-22T13:59:58.157Z] [hosting][hash queue][FINAL]
[debug] [2020-04-22T13:59:58.158Z] >>> HTTP REQUEST POST https://firebasehosting.googleapis.com/v1beta1/sites/calculator-27520/versions/178b3bda072805ba:populateFiles  
 <request body omitted>
[debug] [2020-04-22T14:00:02.837Z] <<< HTTP RESPONSE 200
[debug] [2020-04-22T14:00:02.915Z] [hosting][populate queue][FINAL]
[debug] [2020-04-22T14:00:02.916Z] [hosting] uploads queued: 85
[debug] [2020-04-22T14:00:33.352Z] [uploadQueue] Retrying task 496e1a3af3c04cc7869eb2f37f3004fe808b460e98fbd0002081b3f2fb9a7f89
[debug] [2020-04-22T14:00:33.353Z] [uploadQueue] Retrying task 54f96b56cddfbbbe1afc38679c428b3602b0996ccecf741009c759282814cb62
[debug] [2020-04-22T14:00:33.355Z] [uploadQueue] Retrying task b313581fb8de3ba4398978341c64b9bfaff52a3a219d1aff1873972ce43b9041
[debug] [2020-04-22T14:00:33.356Z] [uploadQueue] Retrying task 8ecb45a7ba999282d8d539866fc60e33bb1964b57c1fa5779c8c87c617de54bd
[debug] [2020-04-22T14:00:33.357Z] [uploadQueue] Retrying task 92c7efd885107b431c6ee3b86afbb19d9aeb039f53a39d4dc83810dda7c9bb85
[debug] [2020-04-22T14:00:33.358Z] [uploadQueue] Retrying task 81343344af833a306799cf24d50eb9ecfde0383393aab31d7bbfe54faf036358
[debug] [2020-04-22T14:00:33.358Z] [uploadQueue] Retrying task 1a885fef8d11fb8feffe75ac234cea51e6135790eac4497948c6615025277102
[debug] [2020-04-22T14:00:33.364Z] [uploadQueue] Retrying task 55fbf43c56303f2279678b41db35e3c0785431487a2f0c1ebfc461188eb2eb86
[debug] [2020-04-22T14:00:33.364Z] [uploadQueue] Retrying task 66ba05e1a9cd10be906fff9e7da4cb2380d629b89262fcbfdb78485a470d33a5
[debug] [2020-04-22T14:00:33.364Z] [uploadQueue] Retrying task 599cbc4b1ef1882bb3b0305973772d73b0e0d3633f3028cf1e4e042964e71bd3
[debug] [2020-04-22T14:00:33.364Z] [uploadQueue] Retrying task f61f7578ebc2cfb6cf12386a9bba80fd69cd883a1c58e12b31b9b1fbc05f0e8c
[debug] [2020-04-22T14:00:33.365Z] [uploadQueue] Retrying task 27231d17f5102ab4389f132b5287a12bdfaa01e8c7bc20185b753fdbbbab47bc
[debug] [2020-04-22T14:00:33.365Z] [uploadQueue] Retrying task 469e3d9f1397bc2d9b8fe9b0b9d2d2ad1241c8241df02cb6faed920d476ed88b
[debug] [2020-04-22T14:00:33.365Z] [uploadQueue] Retrying task a503dbfdd035718d233f0e68aa5cf209c54c75c17df8441049857062c2da9502
[debug] [2020-04-22T14:00:33.365Z] [uploadQueue] Retrying task 587ec70bed8c9f5bfe4f35226126e547db7a9081de2fefc1b46b823d8940dcff
[debug] [2020-04-22T14:00:33.365Z] [uploadQueue] Retrying task df8e438791f5effd60fda3b955591e16365da4659e406f9fe65fe8015cf3966f
[debug] [2020-04-22T14:00:33.365Z] [uploadQueue] Retrying task 8d4ccd5927732ed42b926a10631a71ec8e6446f793b93730c4ee8452410045de
[debug] [2020-04-22T14:00:33.365Z] [uploadQueue] Retrying task 971c9d9804e0784758477e0e93f3a267304be80975bfc5e17ed6adfa3a672872
[debug] [2020-04-22T14:00:33.365Z] [uploadQueue] Retrying task 3e806f8e40079672375f772fc0df8a50a297adb13c6f56386609184d95be1be1
[debug] [2020-04-22T14:00:33.365Z] [uploadQueue] Retrying task 6dcf007601314deca05a83df4e99cb4ba4c4faefa82586af7fe67f296f86e5f7
[debug] [2020-04-22T14:00:33.366Z] [uploadQueue] Retrying task 1e2edf7feb85bca6504246f3443215af34477bc9e7d9715261a59e88388fb5f8
[debug] [2020-04-22T14:00:33.366Z] [uploadQueue] Retrying task 76c449ccb9cd117c2f2338f091b18f7050f3210e249b2228f5c81b23f34377cd
[debug] [2020-04-22T14:00:33.372Z] [uploadQueue] Retrying task cb460620d74f6ec1ef34c28dd365c7843ba7a7654e0b21493e5af220966437c7
[debug] [2020-04-22T14:00:33.372Z] [uploadQueue] Retrying task 58318c6c0e8c29659a4140b4127f003caecb135980716df844dd608b60d4dac2
[debug] [2020-04-22T14:00:33.372Z] [uploadQueue] Retrying task bc34f145928b9ed0fe6772f80542947280fd5911cea34d224e4a7bd6ba3061b1
[debug] [2020-04-22T14:00:33.372Z] [uploadQueue] Retrying task ad951cafe2d37509a32cbf599e73c84a7eb87d75d633afdb965f7d550ea2f32d
[debug] [2020-04-22T14:00:33.372Z] [uploadQueue] Retrying task 04d7de028270612602cf1ff35d0bf530878de2ca2ac8901661beef4e78aeeb44
[debug] [2020-04-22T14:00:33.373Z] [uploadQueue] Retrying task a62fa7074c60e04e05609e9163b9c3dc330876a3e9a0a61863c70ab563e9ca7a
[debug] [2020-04-22T14:00:33.373Z] [uploadQueue] Retrying task 956a876167d15b95b2f83ed9ed2fcda5b7ef8d9725940429ebdc69e21f63f67e
[debug] [2020-04-22T14:00:33.373Z] [uploadQueue] Retrying task 1ec117bbc5ee0008cae7181b5cf6e1f2898ab331e90ccbe8a392bba6a881ebb0
[debug] [2020-04-22T14:00:33.373Z] [uploadQueue] Retrying task 360fb1a14a79c2c87316942329120831b54116b6797a0eb88b9dfdda1964bee2
[debug] [2020-04-22T14:00:33.373Z] [uploadQueue] Retrying task f3d70a68a6af5fa0200ca987d85ae3270024067dcb8ac2a8ab846c9171a3cb8f
[debug] [2020-04-22T14:00:33.373Z] [uploadQueue] Retrying task 3ab2e607ec8efbec4cb7518ddc38f2bfcf01ba9362d6ca55b7018021f5b3edc3
[debug] [2020-04-22T14:00:33.373Z] [uploadQueue] Retrying task 8a3af59d5ba0e266d370c0744bb87ab53ebbc5fe8774f0c0c894186768831e3b
[debug] [2020-04-22T14:00:33.373Z] [uploadQueue] Retrying task 86139594a44763d4d2d3bd7c22b035ba0588ea64b3f38ceb6f79140441c1c15f
[debug] [2020-04-22T14:00:33.373Z] [uploadQueue] Retrying task 3c9bc16fba5ff593331d3abc2f3be2c28697247f4ac4d43c09f7516170d378e2
[debug] [2020-04-22T14:00:33.377Z] [uploadQueue] Retrying task 533e97563c188b12b5628856fc9c41336a9f224d5dd11918f60d3e01701d8014
[debug] [2020-04-22T14:00:33.377Z] [uploadQueue] Retrying task d69b6805eef70d051127d6bb1f4beacf5e1440f9c4c4f0b9a130b87163bd3188
[debug] [2020-04-22T14:00:33.377Z] [uploadQueue] Retrying task e8ab3ced8a0f11065d30efc94ab87d4a59398e18833af1e62b8af82317245e9e
[debug] [2020-04-22T14:00:33.378Z] [uploadQueue] Retrying task 1694a7177ff66583535022bce25a37d0f7c48e0160ed607823cfa0b1e396b6f3
[debug] [2020-04-22T14:00:33.378Z] [uploadQueue] Retrying task d59e4267e8602936f1bead5bb1c426a1b80056676a2c65977781511ff35945d0
[debug] [2020-04-22T14:00:33.378Z] [uploadQueue] Retrying task ddd16a776a244a39ffe82ec6305f3d1e75f5ab3e5b109a4de0bd15b2364574ff
[debug] [2020-04-22T14:00:33.378Z] [uploadQueue] Retrying task 976706571a4cb82f15c631a68ae5ff787103b0d8eedfaaad0dd4eb50be99e763
[debug] [2020-04-22T14:00:33.378Z] [uploadQueue] Retrying task 688582b6385827835985f2122c47422583e32751222293b0d8821bfdface599e
[debug] [2020-04-22T14:00:33.378Z] [uploadQueue] Retrying task e123750e2b175018cba9dfb4771194238a3043e7e553cd8c5b7cfea11da80b22
[debug] [2020-04-22T14:00:33.378Z] [uploadQueue] Retrying task c91204b29bee3398d41f51df12af222f2ab9828b31cfd50add32e99c26a5ca82
[debug] [2020-04-22T14:00:33.378Z] [uploadQueue] Retrying task 5a90b90683528e4ccbbb7988cfaf55572a2e0acabea3b9486e7cab1083cb6f75
[debug] [2020-04-22T14:00:33.378Z] [uploadQueue] Retrying task 2544ca049f223a42bff01f72ad930a5edba75bbb7199d0f8430a02ff5aca16ec
[debug] [2020-04-22T14:00:33.378Z] [uploadQueue] Retrying task 2c413002bdd9ba441db88069b0cdcf6290c388f74371f9cc4be41acc929bcbb3
[debug] [2020-04-22T14:00:33.378Z] [uploadQueue] Retrying task d0d52119f40a5bef3b92d99b2226707e9b776a476d29062357d6ea9e67dcfdf1
[debug] [2020-04-22T14:00:33.378Z] [uploadQueue] Retrying task 6853cc438d2f0e8a55846db74dfe88e3a0abc01ad0771aecdffe27215ebe6611
[debug] [2020-04-22T14:00:33.403Z] [uploadQueue] Retrying task 12c77055696278694a8feb77a9421dd85f8af25a81d812822be112e4be628fcf
[debug] [2020-04-22T14:00:33.403Z] [uploadQueue] Retrying task 98a93859ee2551da365ca5e69f3ca90dea221e0fabe04d0154120dcf2baca43f
[debug] [2020-04-22T14:00:33.404Z] [uploadQueue] Retrying task a44d2e3fccf1437bc1b2f3b87dfbb24bbbd8390f92a1717f903c13b887d28b31
[debug] [2020-04-22T14:00:33.404Z] [uploadQueue] Retrying task 7ff897d1c45157cc848a640c418af9714005596dd7cdc6b994a9db20ea3d33b1
[debug] [2020-04-22T14:00:33.404Z] [uploadQueue] Retrying task d8c5c9d5045fe6c83705a5c4b077c27b05ccd7f5cba1791249b58150a38e2132
[debug] [2020-04-22T14:00:33.405Z] [uploadQueue] Retrying task b9e5f9cde6b8107e61739816c65059fb1ebb122c63092491028fefb584aaa1a3
[debug] [2020-04-22T14:00:33.405Z] [uploadQueue] Retrying task 25718503fab9ba87ba7ba5b3a8cf2163eb3a4f5fa434ba05bf1f9a9d4bfa0542
[debug] [2020-04-22T14:00:33.405Z] [uploadQueue] Retrying task 1d5e5880f0bba43b9cd7182c754d5a7a2ea0cb99818c664cc8dfeeb869b988e8
[debug] [2020-04-22T14:00:33.405Z] [uploadQueue] Retrying task 95ce5d29994b5d7a680e765af4043c230703bcda4f01ce676cdc3645c9b0e72b
[debug] [2020-04-22T14:00:33.405Z] [uploadQueue] Retrying task aa5d705426c6eb1ac1f16f6d8ab553ddccb5bcc646ecb3f581756818c1c51b1e
[debug] [2020-04-22T14:00:33.405Z] [uploadQueue] Retrying task 823b9541f83f56b78d31d90167acf4bb1eb309be68aa3bbc610e868c9dfd9aaa
[debug] [2020-04-22T14:00:33.405Z] [uploadQueue] Retrying task 414f02d8e5eb2008c3a2411956a98e4913cade810cb6b474882dd41b2271fd6b
[debug] [2020-04-22T14:00:33.405Z] [uploadQueue] Retrying task dc97d45b82cbc077f1aecc17fb1c2a96738b2214f35cba9990ece6011c9c452c
[debug] [2020-04-22T14:00:33.405Z] [uploadQueue] Retrying task 9c0c685aad778b013b6d046adf987fee06f02c61bd4149a7999502f2f5ef7328
[debug] [2020-04-22T14:00:33.405Z] [uploadQueue] Retrying task ae37bd66b867f542b12a035673038ba7bb5a248e93794bdd083004de0ceb3ddd
[debug] [2020-04-22T14:00:33.405Z] [uploadQueue] Retrying task 88fdab32f33eea495e8fd160f9b29800ecf7f22024cffb77efc5e4376bc381bb
[debug] [2020-04-22T14:01:04.161Z] [uploadQueue] Retrying task 496e1a3af3c04cc7869eb2f37f3004fe808b460e98fbd0002081b3f2fb9a7f89
[debug] [2020-04-22T14:01:04.164Z] [uploadQueue] Retrying task 54f96b56cddfbbbe1afc38679c428b3602b0996ccecf741009c759282814cb62
[debug] [2020-04-22T14:01:04.174Z] [uploadQueue] Retrying task b313581fb8de3ba4398978341c64b9bfaff52a3a219d1aff1873972ce43b9041
[debug] [2020-04-22T14:01:04.174Z] [uploadQueue] Retrying task 8ecb45a7ba999282d8d539866fc60e33bb1964b57c1fa5779c8c87c617de54bd
[debug] [2020-04-22T14:01:04.191Z] [uploadQueue] Retrying task 92c7efd885107b431c6ee3b86afbb19d9aeb039f53a39d4dc83810dda7c9bb85
[debug] [2020-04-22T14:01:04.193Z] [uploadQueue] Retrying task 81343344af833a306799cf24d50eb9ecfde0383393aab31d7bbfe54faf036358
[debug] [2020-04-22T14:01:04.200Z] [uploadQueue] Retrying task 1a885fef8d11fb8feffe75ac234cea51e6135790eac4497948c6615025277102
[debug] [2020-04-22T14:01:04.221Z] [uploadQueue] Retrying task 66ba05e1a9cd10be906fff9e7da4cb2380d629b89262fcbfdb78485a470d33a5
[debug] [2020-04-22T14:01:04.223Z] [uploadQueue] Retrying task 599cbc4b1ef1882bb3b0305973772d73b0e0d3633f3028cf1e4e042964e71bd3
[debug] [2020-04-22T14:01:04.224Z] [uploadQueue] Retrying task 55fbf43c56303f2279678b41db35e3c0785431487a2f0c1ebfc461188eb2eb86
[debug] [2020-04-22T14:01:04.224Z] [uploadQueue] Retrying task f61f7578ebc2cfb6cf12386a9bba80fd69cd883a1c58e12b31b9b1fbc05f0e8c
[debug] [2020-04-22T14:01:04.229Z] [uploadQueue] Retrying task 27231d17f5102ab4389f132b5287a12bdfaa01e8c7bc20185b753fdbbbab47bc
[debug] [2020-04-22T14:01:04.229Z] [uploadQueue] Retrying task 469e3d9f1397bc2d9b8fe9b0b9d2d2ad1241c8241df02cb6faed920d476ed88b
[debug] [2020-04-22T14:01:04.229Z] [uploadQueue] Retrying task a503dbfdd035718d233f0e68aa5cf209c54c75c17df8441049857062c2da9502
[debug] [2020-04-22T14:01:04.229Z] [uploadQueue] Retrying task 587ec70bed8c9f5bfe4f35226126e547db7a9081de2fefc1b46b823d8940dcff
[debug] [2020-04-22T14:01:04.230Z] [uploadQueue] Retrying task df8e438791f5effd60fda3b955591e16365da4659e406f9fe65fe8015cf3966f
[debug] [2020-04-22T14:01:04.230Z] [uploadQueue] Retrying task 8d4ccd5927732ed42b926a10631a71ec8e6446f793b93730c4ee8452410045de
[debug] [2020-04-22T14:01:04.235Z] [uploadQueue] Retrying task 971c9d9804e0784758477e0e93f3a267304be80975bfc5e17ed6adfa3a672872
[debug] [2020-04-22T14:01:04.236Z] [uploadQueue] Retrying task 3e806f8e40079672375f772fc0df8a50a297adb13c6f56386609184d95be1be1
[debug] [2020-04-22T14:01:04.236Z] [uploadQueue] Retrying task 6dcf007601314deca05a83df4e99cb4ba4c4faefa82586af7fe67f296f86e5f7
[debug] [2020-04-22T14:01:04.236Z] [uploadQueue] Retrying task 1e2edf7feb85bca6504246f3443215af34477bc9e7d9715261a59e88388fb5f8
[debug] [2020-04-22T14:01:04.236Z] [uploadQueue] Retrying task 76c449ccb9cd117c2f2338f091b18f7050f3210e249b2228f5c81b23f34377cd
[debug] [2020-04-22T14:01:04.243Z] [uploadQueue] Retrying task cb460620d74f6ec1ef34c28dd365c7843ba7a7654e0b21493e5af220966437c7
[debug] [2020-04-22T14:01:04.244Z] [uploadQueue] Retrying task 58318c6c0e8c29659a4140b4127f003caecb135980716df844dd608b60d4dac2
[debug] [2020-04-22T14:01:04.244Z] [uploadQueue] Retrying task bc34f145928b9ed0fe6772f80542947280fd5911cea34d224e4a7bd6ba3061b1
[debug] [2020-04-22T14:01:04.244Z] [uploadQueue] Retrying task ad951cafe2d37509a32cbf599e73c84a7eb87d75d633afdb965f7d550ea2f32d
[debug] [2020-04-22T14:01:04.244Z] [uploadQueue] Retrying task 04d7de028270612602cf1ff35d0bf530878de2ca2ac8901661beef4e78aeeb44
[debug] [2020-04-22T14:01:04.254Z] [uploadQueue] Retrying task a62fa7074c60e04e05609e9163b9c3dc330876a3e9a0a61863c70ab563e9ca7a
[debug] [2020-04-22T14:01:04.254Z] [uploadQueue] Retrying task 956a876167d15b95b2f83ed9ed2fcda5b7ef8d9725940429ebdc69e21f63f67e
[debug] [2020-04-22T14:01:04.254Z] [uploadQueue] Retrying task 1ec117bbc5ee0008cae7181b5cf6e1f2898ab331e90ccbe8a392bba6a881ebb0
[debug] [2020-04-22T14:01:04.254Z] [uploadQueue] Retrying task 360fb1a14a79c2c87316942329120831b54116b6797a0eb88b9dfdda1964bee2
[debug] [2020-04-22T14:01:04.254Z] [uploadQueue] Retrying task f3d70a68a6af5fa0200ca987d85ae3270024067dcb8ac2a8ab846c9171a3cb8f
[debug] [2020-04-22T14:01:04.254Z] [uploadQueue] Retrying task 3ab2e607ec8efbec4cb7518ddc38f2bfcf01ba9362d6ca55b7018021f5b3edc3
[debug] [2020-04-22T14:01:04.254Z] [uploadQueue] Retrying task 86139594a44763d4d2d3bd7c22b035ba0588ea64b3f38ceb6f79140441c1c15f
[debug] [2020-04-22T14:01:04.254Z] [uploadQueue] Retrying task 8a3af59d5ba0e266d370c0744bb87ab53ebbc5fe8774f0c0c894186768831e3b
[debug] [2020-04-22T14:01:04.254Z] [uploadQueue] Retrying task 3c9bc16fba5ff593331d3abc2f3be2c28697247f4ac4d43c09f7516170d378e2
[debug] [2020-04-22T14:01:04.255Z] [uploadQueue] Retrying task 533e97563c188b12b5628856fc9c41336a9f224d5dd11918f60d3e01701d8014
[debug] [2020-04-22T14:01:04.256Z] [uploadQueue] Retrying task e8ab3ced8a0f11065d30efc94ab87d4a59398e18833af1e62b8af82317245e9e
[debug] [2020-04-22T14:01:04.256Z] [uploadQueue] Retrying task 1694a7177ff66583535022bce25a37d0f7c48e0160ed607823cfa0b1e396b6f3
[debug] [2020-04-22T14:01:04.256Z] [uploadQueue] Retrying task d59e4267e8602936f1bead5bb1c426a1b80056676a2c65977781511ff35945d0
[debug] [2020-04-22T14:01:04.270Z] [uploadQueue] Retrying task ddd16a776a244a39ffe82ec6305f3d1e75f5ab3e5b109a4de0bd15b2364574ff
[debug] [2020-04-22T14:01:04.270Z] [uploadQueue] Retrying task d69b6805eef70d051127d6bb1f4beacf5e1440f9c4c4f0b9a130b87163bd3188
[debug] [2020-04-22T14:01:04.270Z] [uploadQueue] Retrying task 688582b6385827835985f2122c47422583e32751222293b0d8821bfdface599e
[debug] [2020-04-22T14:01:04.270Z] [uploadQueue] Retrying task 976706571a4cb82f15c631a68ae5ff787103b0d8eedfaaad0dd4eb50be99e763
[debug] [2020-04-22T14:01:04.270Z] [uploadQueue] Retrying task e123750e2b175018cba9dfb4771194238a3043e7e553cd8c5b7cfea11da80b22
[debug] [2020-04-22T14:01:04.270Z] [uploadQueue] Retrying task c91204b29bee3398d41f51df12af222f2ab9828b31cfd50add32e99c26a5ca82
[debug] [2020-04-22T14:01:04.270Z] [uploadQueue] Retrying task 5a90b90683528e4ccbbb7988cfaf55572a2e0acabea3b9486e7cab1083cb6f75
[debug] [2020-04-22T14:01:04.270Z] [uploadQueue] Retrying task 2544ca049f223a42bff01f72ad930a5edba75bbb7199d0f8430a02ff5aca16ec
[debug] [2020-04-22T14:01:04.270Z] [uploadQueue] Retrying task 2c413002bdd9ba441db88069b0cdcf6290c388f74371f9cc4be41acc929bcbb3
[debug] [2020-04-22T14:01:04.271Z] [uploadQueue] Retrying task 6853cc438d2f0e8a55846db74dfe88e3a0abc01ad0771aecdffe27215ebe6611
[debug] [2020-04-22T14:01:04.271Z] [uploadQueue] Retrying task d0d52119f40a5bef3b92d99b2226707e9b776a476d29062357d6ea9e67dcfdf1
[debug] [2020-04-22T14:01:04.271Z] [uploadQueue] Retrying task 98a93859ee2551da365ca5e69f3ca90dea221e0fabe04d0154120dcf2baca43f
[debug] [2020-04-22T14:01:04.272Z] [uploadQueue] Retrying task 12c77055696278694a8feb77a9421dd85f8af25a81d812822be112e4be628fcf
[debug] [2020-04-22T14:01:04.272Z] [uploadQueue] Retrying task 7ff897d1c45157cc848a640c418af9714005596dd7cdc6b994a9db20ea3d33b1
[debug] [2020-04-22T14:01:04.272Z] [uploadQueue] Retrying task a44d2e3fccf1437bc1b2f3b87dfbb24bbbd8390f92a1717f903c13b887d28b31
[debug] [2020-04-22T14:01:04.272Z] [uploadQueue] Retrying task d8c5c9d5045fe6c83705a5c4b077c27b05ccd7f5cba1791249b58150a38e2132
[debug] [2020-04-22T14:01:04.272Z] [uploadQueue] Retrying task b9e5f9cde6b8107e61739816c65059fb1ebb122c63092491028fefb584aaa1a3
[debug] [2020-04-22T14:01:04.272Z] [uploadQueue] Retrying task 25718503fab9ba87ba7ba5b3a8cf2163eb3a4f5fa434ba05bf1f9a9d4bfa0542
[debug] [2020-04-22T14:01:04.272Z] [uploadQueue] Retrying task 1d5e5880f0bba43b9cd7182c754d5a7a2ea0cb99818c664cc8dfeeb869b988e8
[debug] [2020-04-22T14:01:04.272Z] [uploadQueue] Retrying task 95ce5d29994b5d7a680e765af4043c230703bcda4f01ce676cdc3645c9b0e72b
[debug] [2020-04-22T14:01:04.284Z] [uploadQueue] Retrying task 414f02d8e5eb2008c3a2411956a98e4913cade810cb6b474882dd41b2271fd6b
[debug] [2020-04-22T14:01:04.284Z] [uploadQueue] Retrying task dc97d45b82cbc077f1aecc17fb1c2a96738b2214f35cba9990ece6011c9c452c
[debug] [2020-04-22T14:01:04.284Z] [uploadQueue] Retrying task 9c0c685aad778b013b6d046adf987fee06f02c61bd4149a7999502f2f5ef7328
[debug] [2020-04-22T14:01:04.285Z] [uploadQueue] Retrying task 823b9541f83f56b78d31d90167acf4bb1eb309be68aa3bbc610e868c9dfd9aaa
[debug] [2020-04-22T14:01:04.285Z] [uploadQueue] Retrying task ae37bd66b867f542b12a035673038ba7bb5a248e93794bdd083004de0ceb3ddd
[debug] [2020-04-22T14:01:04.285Z] [uploadQueue] Retrying task 88fdab32f33eea495e8fd160f9b29800ecf7f22024cffb77efc5e4376bc381bb
[debug] [2020-04-22T14:01:04.285Z] [uploadQueue] Retrying task aa5d705426c6eb1ac1f16f6d8ab553ddccb5bcc646ecb3f581756818c1c51b1e
[debug] [2020-04-22T14:01:35.769Z] [uploadQueue] Retrying task 496e1a3af3c04cc7869eb2f37f3004fe808b460e98fbd0002081b3f2fb9a7f89
[debug] [2020-04-22T14:01:35.775Z] [uploadQueue] Retrying task 54f96b56cddfbbbe1afc38679c428b3602b0996ccecf741009c759282814cb62
[debug] [2020-04-22T14:01:35.783Z] [uploadQueue] Retrying task b313581fb8de3ba4398978341c64b9bfaff52a3a219d1aff1873972ce43b9041
[debug] [2020-04-22T14:01:35.789Z] [uploadQueue] Retrying task 8ecb45a7ba999282d8d539866fc60e33bb1964b57c1fa5779c8c87c617de54bd
[debug] [2020-04-22T14:01:35.800Z] [uploadQueue] Retrying task 92c7efd885107b431c6ee3b86afbb19d9aeb039f53a39d4dc83810dda7c9bb85
[debug] [2020-04-22T14:01:35.809Z] [uploadQueue] Retrying task 81343344af833a306799cf24d50eb9ecfde0383393aab31d7bbfe54faf036358
[debug] [2020-04-22T14:01:35.814Z] [uploadQueue] Retrying task 1a885fef8d11fb8feffe75ac234cea51e6135790eac4497948c6615025277102
[debug] [2020-04-22T14:01:35.837Z] [uploadQueue] Retrying task 66ba05e1a9cd10be906fff9e7da4cb2380d629b89262fcbfdb78485a470d33a5
[debug] [2020-04-22T14:01:35.839Z] [uploadQueue] Retrying task 599cbc4b1ef1882bb3b0305973772d73b0e0d3633f3028cf1e4e042964e71bd3
[debug] [2020-04-22T14:01:35.844Z] [uploadQueue] Retrying task f61f7578ebc2cfb6cf12386a9bba80fd69cd883a1c58e12b31b9b1fbc05f0e8c
[debug] [2020-04-22T14:01:35.848Z] [uploadQueue] Retrying task 55fbf43c56303f2279678b41db35e3c0785431487a2f0c1ebfc461188eb2eb86
[debug] [2020-04-22T14:01:35.849Z] [uploadQueue] Retrying task 27231d17f5102ab4389f132b5287a12bdfaa01e8c7bc20185b753fdbbbab47bc
[debug] [2020-04-22T14:01:35.850Z] [uploadQueue] Retrying task 469e3d9f1397bc2d9b8fe9b0b9d2d2ad1241c8241df02cb6faed920d476ed88b
[debug] [2020-04-22T14:01:35.853Z] [uploadQueue] Retrying task 587ec70bed8c9f5bfe4f35226126e547db7a9081de2fefc1b46b823d8940dcff
[debug] [2020-04-22T14:01:35.854Z] [uploadQueue] Retrying task df8e438791f5effd60fda3b955591e16365da4659e406f9fe65fe8015cf3966f
[debug] [2020-04-22T14:01:35.854Z] [uploadQueue] Retrying task a503dbfdd035718d233f0e68aa5cf209c54c75c17df8441049857062c2da9502
[debug] [2020-04-22T14:01:35.854Z] [uploadQueue] Retrying task 8d4ccd5927732ed42b926a10631a71ec8e6446f793b93730c4ee8452410045de
[debug] [2020-04-22T14:01:35.863Z] [uploadQueue] Retrying task 971c9d9804e0784758477e0e93f3a267304be80975bfc5e17ed6adfa3a672872
[debug] [2020-04-22T14:01:35.865Z] [uploadQueue] Retrying task 6dcf007601314deca05a83df4e99cb4ba4c4faefa82586af7fe67f296f86e5f7
[debug] [2020-04-22T14:01:35.869Z] [uploadQueue] Retrying task 1e2edf7feb85bca6504246f3443215af34477bc9e7d9715261a59e88388fb5f8
[debug] [2020-04-22T14:01:35.869Z] [uploadQueue] Retrying task 3e806f8e40079672375f772fc0df8a50a297adb13c6f56386609184d95be1be1
[debug] [2020-04-22T14:01:35.869Z] [uploadQueue] Retrying task 76c449ccb9cd117c2f2338f091b18f7050f3210e249b2228f5c81b23f34377cd
[debug] [2020-04-22T14:01:35.880Z] [uploadQueue] Retrying task cb460620d74f6ec1ef34c28dd365c7843ba7a7654e0b21493e5af220966437c7
[debug] [2020-04-22T14:01:35.882Z] [uploadQueue] Retrying task 58318c6c0e8c29659a4140b4127f003caecb135980716df844dd608b60d4dac2
[debug] [2020-04-22T14:01:35.882Z] [uploadQueue] Retrying task bc34f145928b9ed0fe6772f80542947280fd5911cea34d224e4a7bd6ba3061b1
[debug] [2020-04-22T14:01:35.883Z] [uploadQueue] Retrying task ad951cafe2d37509a32cbf599e73c84a7eb87d75d633afdb965f7d550ea2f32d
[debug] [2020-04-22T14:01:35.884Z] [uploadQueue] Retrying task 04d7de028270612602cf1ff35d0bf530878de2ca2ac8901661beef4e78aeeb44
[debug] [2020-04-22T14:01:35.890Z] [uploadQueue] Retrying task a62fa7074c60e04e05609e9163b9c3dc330876a3e9a0a61863c70ab563e9ca7a
[debug] [2020-04-22T14:01:35.891Z] [uploadQueue] Retrying task 956a876167d15b95b2f83ed9ed2fcda5b7ef8d9725940429ebdc69e21f63f67e
[debug] [2020-04-22T14:01:35.892Z] [uploadQueue] Retrying task 1ec117bbc5ee0008cae7181b5cf6e1f2898ab331e90ccbe8a392bba6a881ebb0
[debug] [2020-04-22T14:01:35.897Z] [uploadQueue] Retrying task f3d70a68a6af5fa0200ca987d85ae3270024067dcb8ac2a8ab846c9171a3cb8f
[debug] [2020-04-22T14:01:35.898Z] [uploadQueue] Retrying task 3ab2e607ec8efbec4cb7518ddc38f2bfcf01ba9362d6ca55b7018021f5b3edc3
[debug] [2020-04-22T14:01:35.898Z] [uploadQueue] Retrying task 360fb1a14a79c2c87316942329120831b54116b6797a0eb88b9dfdda1964bee2
[debug] [2020-04-22T14:01:35.898Z] [uploadQueue] Retrying task 86139594a44763d4d2d3bd7c22b035ba0588ea64b3f38ceb6f79140441c1c15f
[debug] [2020-04-22T14:01:35.899Z] [uploadQueue] Retrying task 3c9bc16fba5ff593331d3abc2f3be2c28697247f4ac4d43c09f7516170d378e2
[debug] [2020-04-22T14:01:35.899Z] [uploadQueue] Retrying task 8a3af59d5ba0e266d370c0744bb87ab53ebbc5fe8774f0c0c894186768831e3b
[debug] [2020-04-22T14:01:35.903Z] [uploadQueue] Retrying task e8ab3ced8a0f11065d30efc94ab87d4a59398e18833af1e62b8af82317245e9e
[debug] [2020-04-22T14:01:35.903Z] [uploadQueue] Retrying task 1694a7177ff66583535022bce25a37d0f7c48e0160ed607823cfa0b1e396b6f3
[debug] [2020-04-22T14:01:35.903Z] [uploadQueue] Retrying task d59e4267e8602936f1bead5bb1c426a1b80056676a2c65977781511ff35945d0
[debug] [2020-04-22T14:01:35.903Z] [uploadQueue] Retrying task 533e97563c188b12b5628856fc9c41336a9f224d5dd11918f60d3e01701d8014
[debug] [2020-04-22T14:01:35.904Z] [uploadQueue] Retrying task ddd16a776a244a39ffe82ec6305f3d1e75f5ab3e5b109a4de0bd15b2364574ff
[debug] [2020-04-22T14:01:35.904Z] [uploadQueue] Retrying task 688582b6385827835985f2122c47422583e32751222293b0d8821bfdface599e
[debug] [2020-04-22T14:01:35.904Z] [uploadQueue] Retrying task d69b6805eef70d051127d6bb1f4beacf5e1440f9c4c4f0b9a130b87163bd3188
[debug] [2020-04-22T14:01:35.913Z] [uploadQueue] Retrying task 976706571a4cb82f15c631a68ae5ff787103b0d8eedfaaad0dd4eb50be99e763
[debug] [2020-04-22T14:01:35.913Z] [uploadQueue] Retrying task e123750e2b175018cba9dfb4771194238a3043e7e553cd8c5b7cfea11da80b22
[debug] [2020-04-22T14:01:35.913Z] [uploadQueue] Retrying task c91204b29bee3398d41f51df12af222f2ab9828b31cfd50add32e99c26a5ca82
[debug] [2020-04-22T14:01:35.914Z] [uploadQueue] Retrying task 5a90b90683528e4ccbbb7988cfaf55572a2e0acabea3b9486e7cab1083cb6f75
[debug] [2020-04-22T14:01:35.914Z] [uploadQueue] Retrying task 2544ca049f223a42bff01f72ad930a5edba75bbb7199d0f8430a02ff5aca16ec
[debug] [2020-04-22T14:01:35.914Z] [uploadQueue] Retrying task 6853cc438d2f0e8a55846db74dfe88e3a0abc01ad0771aecdffe27215ebe6611
[debug] [2020-04-22T14:01:35.914Z] [uploadQueue] Retrying task 2c413002bdd9ba441db88069b0cdcf6290c388f74371f9cc4be41acc929bcbb3
[debug] [2020-04-22T14:01:35.915Z] [uploadQueue] Retrying task 98a93859ee2551da365ca5e69f3ca90dea221e0fabe04d0154120dcf2baca43f
[debug] [2020-04-22T14:01:35.915Z] [uploadQueue] Retrying task d0d52119f40a5bef3b92d99b2226707e9b776a476d29062357d6ea9e67dcfdf1
[debug] [2020-04-22T14:01:35.915Z] [uploadQueue] Retrying task 7ff897d1c45157cc848a640c418af9714005596dd7cdc6b994a9db20ea3d33b1
[debug] [2020-04-22T14:01:35.915Z] [uploadQueue] Retrying task 12c77055696278694a8feb77a9421dd85f8af25a81d812822be112e4be628fcf
[debug] [2020-04-22T14:01:35.921Z] [uploadQueue] Retrying task a44d2e3fccf1437bc1b2f3b87dfbb24bbbd8390f92a1717f903c13b887d28b31
[debug] [2020-04-22T14:01:35.921Z] [uploadQueue] Retrying task d8c5c9d5045fe6c83705a5c4b077c27b05ccd7f5cba1791249b58150a38e2132
[debug] [2020-04-22T14:01:35.921Z] [uploadQueue] Retrying task b9e5f9cde6b8107e61739816c65059fb1ebb122c63092491028fefb584aaa1a3
[debug] [2020-04-22T14:01:35.921Z] [uploadQueue] Retrying task 25718503fab9ba87ba7ba5b3a8cf2163eb3a4f5fa434ba05bf1f9a9d4bfa0542
[debug] [2020-04-22T14:01:35.921Z] [uploadQueue] Retrying task 1d5e5880f0bba43b9cd7182c754d5a7a2ea0cb99818c664cc8dfeeb869b988e8
[debug] [2020-04-22T14:01:35.921Z] [uploadQueue] Retrying task 95ce5d29994b5d7a680e765af4043c230703bcda4f01ce676cdc3645c9b0e72b
[debug] [2020-04-22T14:01:35.921Z] [uploadQueue] Retrying task dc97d45b82cbc077f1aecc17fb1c2a96738b2214f35cba9990ece6011c9c452c
[debug] [2020-04-22T14:01:35.921Z] [uploadQueue] Retrying task 9c0c685aad778b013b6d046adf987fee06f02c61bd4149a7999502f2f5ef7328
[debug] [2020-04-22T14:01:35.922Z] [uploadQueue] Retrying task 414f02d8e5eb2008c3a2411956a98e4913cade810cb6b474882dd41b2271fd6b
[debug] [2020-04-22T14:01:35.942Z] [uploadQueue] Retrying task ae37bd66b867f542b12a035673038ba7bb5a248e93794bdd083004de0ceb3ddd
[debug] [2020-04-22T14:01:35.942Z] [uploadQueue] Retrying task 88fdab32f33eea495e8fd160f9b29800ecf7f22024cffb77efc5e4376bc381bb
[debug] [2020-04-22T14:01:35.942Z] [uploadQueue] Retrying task 823b9541f83f56b78d31d90167acf4bb1eb309be68aa3bbc610e868c9dfd9aaa
[debug] [2020-04-22T14:01:35.942Z] [uploadQueue] Retrying task aa5d705426c6eb1ac1f16f6d8ab553ddccb5bcc646ecb3f581756818c1c51b1e
[debug] [2020-04-22T14:02:08.976Z] [uploadQueue] Retrying task 496e1a3af3c04cc7869eb2f37f3004fe808b460e98fbd0002081b3f2fb9a7f89
[debug] [2020-04-22T14:02:08.982Z] [uploadQueue] Retrying task 54f96b56cddfbbbe1afc38679c428b3602b0996ccecf741009c759282814cb62
[debug] [2020-04-22T14:02:08.991Z] [uploadQueue] Retrying task b313581fb8de3ba4398978341c64b9bfaff52a3a219d1aff1873972ce43b9041
[debug] [2020-04-22T14:02:09.014Z] [uploadQueue] Retrying task 8ecb45a7ba999282d8d539866fc60e33bb1964b57c1fa5779c8c87c617de54bd
[debug] [2020-04-22T14:02:09.015Z] [uploadQueue] Retrying task 92c7efd885107b431c6ee3b86afbb19d9aeb039f53a39d4dc83810dda7c9bb85
[debug] [2020-04-22T14:02:09.019Z] [uploadQueue] Retrying task 81343344af833a306799cf24d50eb9ecfde0383393aab31d7bbfe54faf036358
[debug] [2020-04-22T14:02:09.027Z] [uploadQueue] Retrying task 1a885fef8d11fb8feffe75ac234cea51e6135790eac4497948c6615025277102
[debug] [2020-04-22T14:02:09.043Z] [uploadQueue] Retrying task 66ba05e1a9cd10be906fff9e7da4cb2380d629b89262fcbfdb78485a470d33a5
[debug] [2020-04-22T14:02:09.043Z] [uploadQueue] Retrying task 599cbc4b1ef1882bb3b0305973772d73b0e0d3633f3028cf1e4e042964e71bd3
[debug] [2020-04-22T14:02:09.048Z] [uploadQueue] Retrying task f61f7578ebc2cfb6cf12386a9bba80fd69cd883a1c58e12b31b9b1fbc05f0e8c
[debug] [2020-04-22T14:02:09.054Z] [uploadQueue] Retrying task 55fbf43c56303f2279678b41db35e3c0785431487a2f0c1ebfc461188eb2eb86
[debug] [2020-04-22T14:02:09.058Z] [uploadQueue] Retrying task 27231d17f5102ab4389f132b5287a12bdfaa01e8c7bc20185b753fdbbbab47bc
[debug] [2020-04-22T14:02:09.059Z] [uploadQueue] Retrying task 469e3d9f1397bc2d9b8fe9b0b9d2d2ad1241c8241df02cb6faed920d476ed88b
[debug] [2020-04-22T14:02:09.064Z] [uploadQueue] Retrying task 587ec70bed8c9f5bfe4f35226126e547db7a9081de2fefc1b46b823d8940dcff
[debug] [2020-04-22T14:02:09.064Z] [uploadQueue] Retrying task df8e438791f5effd60fda3b955591e16365da4659e406f9fe65fe8015cf3966f
[debug] [2020-04-22T14:02:09.065Z] [uploadQueue] Retrying task a503dbfdd035718d233f0e68aa5cf209c54c75c17df8441049857062c2da9502
[debug] [2020-04-22T14:02:09.065Z] [uploadQueue] Retrying task 8d4ccd5927732ed42b926a10631a71ec8e6446f793b93730c4ee8452410045de
[debug] [2020-04-22T14:02:09.076Z] [uploadQueue] Retrying task 971c9d9804e0784758477e0e93f3a267304be80975bfc5e17ed6adfa3a672872
[debug] [2020-04-22T14:02:09.077Z] [uploadQueue] Retrying task 6dcf007601314deca05a83df4e99cb4ba4c4faefa82586af7fe67f296f86e5f7
[debug] [2020-04-22T14:02:09.077Z] [uploadQueue] Retrying task 1e2edf7feb85bca6504246f3443215af34477bc9e7d9715261a59e88388fb5f8
[debug] [2020-04-22T14:02:09.077Z] [uploadQueue] Retrying task 3e806f8e40079672375f772fc0df8a50a297adb13c6f56386609184d95be1be1
[debug] [2020-04-22T14:02:09.077Z] [uploadQueue] Retrying task 76c449ccb9cd117c2f2338f091b18f7050f3210e249b2228f5c81b23f34377cd
[debug] [2020-04-22T14:02:09.088Z] [uploadQueue] Retrying task cb460620d74f6ec1ef34c28dd365c7843ba7a7654e0b21493e5af220966437c7
[debug] [2020-04-22T14:02:09.093Z] [uploadQueue] Retrying task 58318c6c0e8c29659a4140b4127f003caecb135980716df844dd608b60d4dac2
[debug] [2020-04-22T14:02:09.093Z] [uploadQueue] Retrying task bc34f145928b9ed0fe6772f80542947280fd5911cea34d224e4a7bd6ba3061b1
[debug] [2020-04-22T14:02:09.095Z] [uploadQueue] Retrying task ad951cafe2d37509a32cbf599e73c84a7eb87d75d633afdb965f7d550ea2f32d
[debug] [2020-04-22T14:02:09.096Z] [uploadQueue] Retrying task 04d7de028270612602cf1ff35d0bf530878de2ca2ac8901661beef4e78aeeb44
[debug] [2020-04-22T14:02:09.117Z] [uploadQueue] Retrying task a62fa7074c60e04e05609e9163b9c3dc330876a3e9a0a61863c70ab563e9ca7a
[debug] [2020-04-22T14:02:09.118Z] [uploadQueue] Retrying task 956a876167d15b95b2f83ed9ed2fcda5b7ef8d9725940429ebdc69e21f63f67e
[debug] [2020-04-22T14:02:09.118Z] [uploadQueue] Retrying task 1ec117bbc5ee0008cae7181b5cf6e1f2898ab331e90ccbe8a392bba6a881ebb0
[debug] [2020-04-22T14:02:09.139Z] [uploadQueue] Retrying task f3d70a68a6af5fa0200ca987d85ae3270024067dcb8ac2a8ab846c9171a3cb8f
[debug] [2020-04-22T14:02:09.139Z] [uploadQueue] Retrying task 3ab2e607ec8efbec4cb7518ddc38f2bfcf01ba9362d6ca55b7018021f5b3edc3
[debug] [2020-04-22T14:02:09.140Z] [uploadQueue] Retrying task 86139594a44763d4d2d3bd7c22b035ba0588ea64b3f38ceb6f79140441c1c15f
[debug] [2020-04-22T14:02:09.140Z] [uploadQueue] Retrying task 360fb1a14a79c2c87316942329120831b54116b6797a0eb88b9dfdda1964bee2
[debug] [2020-04-22T14:02:09.140Z] [uploadQueue] Retrying task 3c9bc16fba5ff593331d3abc2f3be2c28697247f4ac4d43c09f7516170d378e2
[debug] [2020-04-22T14:02:09.141Z] [uploadQueue] Retrying task 8a3af59d5ba0e266d370c0744bb87ab53ebbc5fe8774f0c0c894186768831e3b
[debug] [2020-04-22T14:02:09.142Z] [uploadQueue] Retrying task e8ab3ced8a0f11065d30efc94ab87d4a59398e18833af1e62b8af82317245e9e
[debug] [2020-04-22T14:02:09.142Z] [uploadQueue] Retrying task 1694a7177ff66583535022bce25a37d0f7c48e0160ed607823cfa0b1e396b6f3
[debug] [2020-04-22T14:02:09.142Z] [uploadQueue] Retrying task 533e97563c188b12b5628856fc9c41336a9f224d5dd11918f60d3e01701d8014
[debug] [2020-04-22T14:02:09.151Z] [uploadQueue] Retrying task ddd16a776a244a39ffe82ec6305f3d1e75f5ab3e5b109a4de0bd15b2364574ff
[debug] [2020-04-22T14:02:09.151Z] [uploadQueue] Retrying task 688582b6385827835985f2122c47422583e32751222293b0d8821bfdface599e
[debug] [2020-04-22T14:02:09.151Z] [uploadQueue] Retrying task d59e4267e8602936f1bead5bb1c426a1b80056676a2c65977781511ff35945d0
[debug] [2020-04-22T14:02:09.151Z] [uploadQueue] Retrying task d69b6805eef70d051127d6bb1f4beacf5e1440f9c4c4f0b9a130b87163bd3188
[debug] [2020-04-22T14:02:09.151Z] [uploadQueue] Retrying task 976706571a4cb82f15c631a68ae5ff787103b0d8eedfaaad0dd4eb50be99e763
[debug] [2020-04-22T14:02:09.151Z] [uploadQueue] Retrying task e123750e2b175018cba9dfb4771194238a3043e7e553cd8c5b7cfea11da80b22
[debug] [2020-04-22T14:02:09.151Z] [uploadQueue] Retrying task c91204b29bee3398d41f51df12af222f2ab9828b31cfd50add32e99c26a5ca82
[debug] [2020-04-22T14:02:09.152Z] [uploadQueue] Retrying task 5a90b90683528e4ccbbb7988cfaf55572a2e0acabea3b9486e7cab1083cb6f75
[debug] [2020-04-22T14:02:09.152Z] [uploadQueue] Retrying task 2544ca049f223a42bff01f72ad930a5edba75bbb7199d0f8430a02ff5aca16ec
[debug] [2020-04-22T14:02:09.152Z] [uploadQueue] Retrying task 6853cc438d2f0e8a55846db74dfe88e3a0abc01ad0771aecdffe27215ebe6611
[debug] [2020-04-22T14:02:09.152Z] [uploadQueue] Retrying task 98a93859ee2551da365ca5e69f3ca90dea221e0fabe04d0154120dcf2baca43f
[debug] [2020-04-22T14:02:09.152Z] [uploadQueue] Retrying task d0d52119f40a5bef3b92d99b2226707e9b776a476d29062357d6ea9e67dcfdf1
[debug] [2020-04-22T14:02:09.152Z] [uploadQueue] Retrying task 7ff897d1c45157cc848a640c418af9714005596dd7cdc6b994a9db20ea3d33b1
[debug] [2020-04-22T14:02:09.166Z] [uploadQueue] Retrying task 2c413002bdd9ba441db88069b0cdcf6290c388f74371f9cc4be41acc929bcbb3
[debug] [2020-04-22T14:02:09.167Z] [uploadQueue] Retrying task 12c77055696278694a8feb77a9421dd85f8af25a81d812822be112e4be628fcf
[debug] [2020-04-22T14:02:09.167Z] [uploadQueue] Retrying task a44d2e3fccf1437bc1b2f3b87dfbb24bbbd8390f92a1717f903c13b887d28b31
[debug] [2020-04-22T14:02:09.167Z] [uploadQueue] Retrying task d8c5c9d5045fe6c83705a5c4b077c27b05ccd7f5cba1791249b58150a38e2132
[debug] [2020-04-22T14:02:09.167Z] [uploadQueue] Retrying task b9e5f9cde6b8107e61739816c65059fb1ebb122c63092491028fefb584aaa1a3
[debug] [2020-04-22T14:02:09.167Z] [uploadQueue] Retrying task 25718503fab9ba87ba7ba5b3a8cf2163eb3a4f5fa434ba05bf1f9a9d4bfa0542
[debug] [2020-04-22T14:02:09.168Z] [uploadQueue] Retrying task 1d5e5880f0bba43b9cd7182c754d5a7a2ea0cb99818c664cc8dfeeb869b988e8
[debug] [2020-04-22T14:02:09.168Z] [uploadQueue] Retrying task 95ce5d29994b5d7a680e765af4043c230703bcda4f01ce676cdc3645c9b0e72b
[debug] [2020-04-22T14:02:09.168Z] [uploadQueue] Retrying task dc97d45b82cbc077f1aecc17fb1c2a96738b2214f35cba9990ece6011c9c452c
[debug] [2020-04-22T14:02:09.168Z] [uploadQueue] Retrying task 9c0c685aad778b013b6d046adf987fee06f02c61bd4149a7999502f2f5ef7328
[debug] [2020-04-22T14:02:09.169Z] [uploadQueue] Retrying task 414f02d8e5eb2008c3a2411956a98e4913cade810cb6b474882dd41b2271fd6b
[debug] [2020-04-22T14:02:09.169Z] [uploadQueue] Retrying task ae37bd66b867f542b12a035673038ba7bb5a248e93794bdd083004de0ceb3ddd
[debug] [2020-04-22T14:02:09.182Z] [uploadQueue] Retrying task 88fdab32f33eea495e8fd160f9b29800ecf7f22024cffb77efc5e4376bc381bb
[debug] [2020-04-22T14:02:09.196Z] [uploadQueue] Retrying task 823b9541f83f56b78d31d90167acf4bb1eb309be68aa3bbc610e868c9dfd9aaa
[debug] [2020-04-22T14:02:09.196Z] [uploadQueue] Retrying task aa5d705426c6eb1ac1f16f6d8ab553ddccb5bcc646ecb3f581756818c1c51b1e
[debug] [2020-04-22T14:02:45.383Z] [uploadQueue] Retrying task 496e1a3af3c04cc7869eb2f37f3004fe808b460e98fbd0002081b3f2fb9a7f89
[debug] [2020-04-22T14:02:45.396Z] [uploadQueue] Retrying task 54f96b56cddfbbbe1afc38679c428b3602b0996ccecf741009c759282814cb62
[debug] [2020-04-22T14:02:45.426Z] [uploadQueue] Retrying task b313581fb8de3ba4398978341c64b9bfaff52a3a219d1aff1873972ce43b9041
[debug] [2020-04-22T14:02:45.441Z] [uploadQueue] Retrying task 8ecb45a7ba999282d8d539866fc60e33bb1964b57c1fa5779c8c87c617de54bd
[debug] [2020-04-22T14:02:45.443Z] [uploadQueue] Retrying task 92c7efd885107b431c6ee3b86afbb19d9aeb039f53a39d4dc83810dda7c9bb85
[debug] [2020-04-22T14:02:45.446Z] [uploadQueue] Retrying task 81343344af833a306799cf24d50eb9ecfde0383393aab31d7bbfe54faf036358
[debug] [2020-04-22T14:02:45.449Z] [uploadQueue] Retrying task 1a885fef8d11fb8feffe75ac234cea51e6135790eac4497948c6615025277102
[debug] [2020-04-22T14:02:45.450Z] [uploadQueue] Retrying task 66ba05e1a9cd10be906fff9e7da4cb2380d629b89262fcbfdb78485a470d33a5
[debug] [2020-04-22T14:02:45.456Z] [uploadQueue] Retrying task 599cbc4b1ef1882bb3b0305973772d73b0e0d3633f3028cf1e4e042964e71bd3
[debug] [2020-04-22T14:02:45.462Z] [uploadQueue] Retrying task f61f7578ebc2cfb6cf12386a9bba80fd69cd883a1c58e12b31b9b1fbc05f0e8c
[debug] [2020-04-22T14:02:45.468Z] [uploadQueue] Retrying task 55fbf43c56303f2279678b41db35e3c0785431487a2f0c1ebfc461188eb2eb86
[debug] [2020-04-22T14:02:45.484Z] [uploadQueue] Retrying task 27231d17f5102ab4389f132b5287a12bdfaa01e8c7bc20185b753fdbbbab47bc
[debug] [2020-04-22T14:02:45.488Z] [uploadQueue] Retrying task 469e3d9f1397bc2d9b8fe9b0b9d2d2ad1241c8241df02cb6faed920d476ed88b
[debug] [2020-04-22T14:02:45.512Z] [uploadQueue] Retrying task 587ec70bed8c9f5bfe4f35226126e547db7a9081de2fefc1b46b823d8940dcff
[debug] [2020-04-22T14:02:45.515Z] [uploadQueue] Retrying task df8e438791f5effd60fda3b955591e16365da4659e406f9fe65fe8015cf3966f
[debug] [2020-04-22T14:02:45.516Z] [uploadQueue] Retrying task a503dbfdd035718d233f0e68aa5cf209c54c75c17df8441049857062c2da9502
[debug] [2020-04-22T14:02:45.517Z] [uploadQueue] Retrying task 8d4ccd5927732ed42b926a10631a71ec8e6446f793b93730c4ee8452410045de
[debug] [2020-04-22T14:02:45.530Z] [uploadQueue] Retrying task 971c9d9804e0784758477e0e93f3a267304be80975bfc5e17ed6adfa3a672872
[debug] [2020-04-22T14:02:45.532Z] [uploadQueue] Retrying task 6dcf007601314deca05a83df4e99cb4ba4c4faefa82586af7fe67f296f86e5f7
[debug] [2020-04-22T14:02:45.533Z] [uploadQueue] Retrying task 1e2edf7feb85bca6504246f3443215af34477bc9e7d9715261a59e88388fb5f8
[debug] [2020-04-22T14:02:45.535Z] [uploadQueue] Retrying task 3e806f8e40079672375f772fc0df8a50a297adb13c6f56386609184d95be1be1
[debug] [2020-04-22T14:02:45.543Z] [uploadQueue] Retrying task 76c449ccb9cd117c2f2338f091b18f7050f3210e249b2228f5c81b23f34377cd
[debug] [2020-04-22T14:02:45.546Z] [uploadQueue] Retrying task cb460620d74f6ec1ef34c28dd365c7843ba7a7654e0b21493e5af220966437c7
[debug] [2020-04-22T14:02:45.547Z] [uploadQueue] Retrying task 58318c6c0e8c29659a4140b4127f003caecb135980716df844dd608b60d4dac2
[debug] [2020-04-22T14:02:45.549Z] [uploadQueue] Retrying task bc34f145928b9ed0fe6772f80542947280fd5911cea34d224e4a7bd6ba3061b1
[debug] [2020-04-22T14:02:45.549Z] [uploadQueue] Retrying task ad951cafe2d37509a32cbf599e73c84a7eb87d75d633afdb965f7d550ea2f32d
[debug] [2020-04-22T14:02:45.550Z] [uploadQueue] Retrying task 04d7de028270612602cf1ff35d0bf530878de2ca2ac8901661beef4e78aeeb44
[debug] [2020-04-22T14:02:45.562Z] [uploadQueue] Retrying task a62fa7074c60e04e05609e9163b9c3dc330876a3e9a0a61863c70ab563e9ca7a
[debug] [2020-04-22T14:02:45.563Z] [uploadQueue] Retrying task 956a876167d15b95b2f83ed9ed2fcda5b7ef8d9725940429ebdc69e21f63f67e
[debug] [2020-04-22T14:02:45.565Z] [uploadQueue] Retrying task 1ec117bbc5ee0008cae7181b5cf6e1f2898ab331e90ccbe8a392bba6a881ebb0
[debug] [2020-04-22T14:02:45.603Z] [uploadQueue] Retrying task f3d70a68a6af5fa0200ca987d85ae3270024067dcb8ac2a8ab846c9171a3cb8f
[debug] [2020-04-22T14:02:45.603Z] [uploadQueue] Retrying task 3ab2e607ec8efbec4cb7518ddc38f2bfcf01ba9362d6ca55b7018021f5b3edc3
[debug] [2020-04-22T14:02:45.607Z] [uploadQueue] Retrying task 86139594a44763d4d2d3bd7c22b035ba0588ea64b3f38ceb6f79140441c1c15f
[debug] [2020-04-22T14:02:45.610Z] [uploadQueue] Retrying task 360fb1a14a79c2c87316942329120831b54116b6797a0eb88b9dfdda1964bee2
[debug] [2020-04-22T14:02:45.613Z] [uploadQueue] Retrying task 3c9bc16fba5ff593331d3abc2f3be2c28697247f4ac4d43c09f7516170d378e2
[debug] [2020-04-22T14:02:45.615Z] [uploadQueue] Retrying task 8a3af59d5ba0e266d370c0744bb87ab53ebbc5fe8774f0c0c894186768831e3b
[debug] [2020-04-22T14:02:45.615Z] [uploadQueue] Retrying task e8ab3ced8a0f11065d30efc94ab87d4a59398e18833af1e62b8af82317245e9e
[debug] [2020-04-22T14:02:45.615Z] [uploadQueue] Retrying task 1694a7177ff66583535022bce25a37d0f7c48e0160ed607823cfa0b1e396b6f3
[debug] [2020-04-22T14:02:45.617Z] [uploadQueue] Retrying task 533e97563c188b12b5628856fc9c41336a9f224d5dd11918f60d3e01701d8014
[debug] [2020-04-22T14:02:45.633Z] [uploadQueue] Retrying task ddd16a776a244a39ffe82ec6305f3d1e75f5ab3e5b109a4de0bd15b2364574ff
[debug] [2020-04-22T14:02:45.637Z] [uploadQueue] Retrying task 688582b6385827835985f2122c47422583e32751222293b0d8821bfdface599e
[debug] [2020-04-22T14:02:45.637Z] [uploadQueue] Retrying task d59e4267e8602936f1bead5bb1c426a1b80056676a2c65977781511ff35945d0
[debug] [2020-04-22T14:02:45.639Z] [uploadQueue] Retrying task d69b6805eef70d051127d6bb1f4beacf5e1440f9c4c4f0b9a130b87163bd3188
[debug] [2020-04-22T14:02:45.642Z] [uploadQueue] Retrying task 976706571a4cb82f15c631a68ae5ff787103b0d8eedfaaad0dd4eb50be99e763
[debug] [2020-04-22T14:02:45.645Z] [uploadQueue] Retrying task e123750e2b175018cba9dfb4771194238a3043e7e553cd8c5b7cfea11da80b22
[debug] [2020-04-22T14:02:45.648Z] [uploadQueue] Retrying task c91204b29bee3398d41f51df12af222f2ab9828b31cfd50add32e99c26a5ca82
[debug] [2020-04-22T14:02:45.650Z] [uploadQueue] Retrying task 5a90b90683528e4ccbbb7988cfaf55572a2e0acabea3b9486e7cab1083cb6f75
[debug] [2020-04-22T14:02:45.650Z] [uploadQueue] Retrying task 2544ca049f223a42bff01f72ad930a5edba75bbb7199d0f8430a02ff5aca16ec
[debug] [2020-04-22T14:02:45.657Z] [uploadQueue] Retrying task 6853cc438d2f0e8a55846db74dfe88e3a0abc01ad0771aecdffe27215ebe6611
[debug] [2020-04-22T14:02:45.658Z] [uploadQueue] Retrying task 98a93859ee2551da365ca5e69f3ca90dea221e0fabe04d0154120dcf2baca43f
[debug] [2020-04-22T14:02:45.658Z] [uploadQueue] Retrying task d0d52119f40a5bef3b92d99b2226707e9b776a476d29062357d6ea9e67dcfdf1
[debug] [2020-04-22T14:02:45.659Z] [uploadQueue] Retrying task 7ff897d1c45157cc848a640c418af9714005596dd7cdc6b994a9db20ea3d33b1
[debug] [2020-04-22T14:02:45.667Z] [uploadQueue] Retrying task 2c413002bdd9ba441db88069b0cdcf6290c388f74371f9cc4be41acc929bcbb3
[debug] [2020-04-22T14:02:45.667Z] [uploadQueue] Retrying task 12c77055696278694a8feb77a9421dd85f8af25a81d812822be112e4be628fcf
[debug] [2020-04-22T14:02:45.669Z] [uploadQueue] Retrying task a44d2e3fccf1437bc1b2f3b87dfbb24bbbd8390f92a1717f903c13b887d28b31
[debug] [2020-04-22T14:02:45.675Z] [uploadQueue] Retrying task d8c5c9d5045fe6c83705a5c4b077c27b05ccd7f5cba1791249b58150a38e2132
[debug] [2020-04-22T14:02:45.675Z] [uploadQueue] Retrying task b9e5f9cde6b8107e61739816c65059fb1ebb122c63092491028fefb584aaa1a3
[debug] [2020-04-22T14:02:45.676Z] [uploadQueue] Retrying task 25718503fab9ba87ba7ba5b3a8cf2163eb3a4f5fa434ba05bf1f9a9d4bfa0542
[debug] [2020-04-22T14:02:45.681Z] [uploadQueue] Retrying task 1d5e5880f0bba43b9cd7182c754d5a7a2ea0cb99818c664cc8dfeeb869b988e8
[debug] [2020-04-22T14:02:45.681Z] [uploadQueue] Retrying task 95ce5d29994b5d7a680e765af4043c230703bcda4f01ce676cdc3645c9b0e72b
[debug] [2020-04-22T14:02:45.681Z] [uploadQueue] Retrying task dc97d45b82cbc077f1aecc17fb1c2a96738b2214f35cba9990ece6011c9c452c
[debug] [2020-04-22T14:02:45.697Z] [uploadQueue] Retrying task 9c0c685aad778b013b6d046adf987fee06f02c61bd4149a7999502f2f5ef7328
[debug] [2020-04-22T14:02:45.697Z] [uploadQueue] Retrying task 414f02d8e5eb2008c3a2411956a98e4913cade810cb6b474882dd41b2271fd6b
[debug] [2020-04-22T14:02:45.698Z] [uploadQueue] Retrying task ae37bd66b867f542b12a035673038ba7bb5a248e93794bdd083004de0ceb3ddd
[debug] [2020-04-22T14:02:45.698Z] [uploadQueue] Retrying task 88fdab32f33eea495e8fd160f9b29800ecf7f22024cffb77efc5e4376bc381bb
[debug] [2020-04-22T14:02:45.698Z] [uploadQueue] Retrying task 823b9541f83f56b78d31d90167acf4bb1eb309be68aa3bbc610e868c9dfd9aaa
[debug] [2020-04-22T14:02:45.705Z] [uploadQueue] Retrying task aa5d705426c6eb1ac1f16f6d8ab553ddccb5bcc646ecb3f581756818c1c51b1e
[debug] [2020-04-22T14:03:15.396Z] FirebaseError: Task 496e1a3af3c04cc7869eb2f37f3004fe808b460e98fbd0002081b3f2fb9a7f89 failed: retries exhausted after 6 attempts
[debug] [2020-04-22T14:03:15.396Z] [hosting][upload queue][FINAL]
[debug] [2020-04-22T14:03:15.410Z] FirebaseError: Task 54f96b56cddfbbbe1afc38679c428b3602b0996ccecf741009c759282814cb62 failed: retries exhausted after 6 attempts
[debug] [2020-04-22T14:03:15.434Z] FirebaseError: Task b313581fb8de3ba4398978341c64b9bfaff52a3a219d1aff1873972ce43b9041 failed: retries exhausted after 6 attempts
[debug] [2020-04-22T14:03:15.452Z] FirebaseError: Task 8ecb45a7ba999282d8d539866fc60e33bb1964b57c1fa5779c8c87c617de54bd failed: retries exhausted after 6 attempts
[debug] [2020-04-22T14:03:15.454Z] FirebaseError: Task 92c7efd885107b431c6ee3b86afbb19d9aeb039f53a39d4dc83810dda7c9bb85 failed: retries exhausted after 6 attempts
[debug] [2020-04-22T14:03:15.454Z] FirebaseError: Task 81343344af833a306799cf24d50eb9ecfde0383393aab31d7bbfe54faf036358 failed: retries exhausted after 6 attempts
[debug] [2020-04-22T14:03:15.472Z] FirebaseError: Task 1a885fef8d11fb8feffe75ac234cea51e6135790eac4497948c6615025277102 failed: retries exhausted after 6 attempts
[debug] [2020-04-22T14:03:15.474Z] FirebaseError: Task 66ba05e1a9cd10be906fff9e7da4cb2380d629b89262fcbfdb78485a470d33a5 failed: retries exhausted after 6 attempts
[debug] [2020-04-22T14:03:15.474Z] FirebaseError: Task 599cbc4b1ef1882bb3b0305973772d73b0e0d3633f3028cf1e4e042964e71bd3 failed: retries exhausted after 6 attempts
[debug] [2020-04-22T14:03:15.474Z] FirebaseError: Task f61f7578ebc2cfb6cf12386a9bba80fd69cd883a1c58e12b31b9b1fbc05f0e8c failed: retries exhausted after 6 attempts
[debug] [2020-04-22T14:03:15.475Z] FirebaseError: Task 55fbf43c56303f2279678b41db35e3c0785431487a2f0c1ebfc461188eb2eb86 failed: retries exhausted after 6 attempts
[debug] [2020-04-22T14:03:15.497Z] FirebaseError: Task 27231d17f5102ab4389f132b5287a12bdfaa01e8c7bc20185b753fdbbbab47bc failed: retries exhausted after 6 attempts
[debug] [2020-04-22T14:03:15.498Z] FirebaseError: Task 469e3d9f1397bc2d9b8fe9b0b9d2d2ad1241c8241df02cb6faed920d476ed88b failed: retries exhausted after 6 attempts
[debug] [2020-04-22T14:03:15.513Z] FirebaseError: Task 587ec70bed8c9f5bfe4f35226126e547db7a9081de2fefc1b46b823d8940dcff failed: retries exhausted after 6 attempts
[debug] [2020-04-22T14:03:15.517Z] FirebaseError: Task df8e438791f5effd60fda3b955591e16365da4659e406f9fe65fe8015cf3966f failed: retries exhausted after 6 attempts
[debug] [2020-04-22T14:03:15.522Z] FirebaseError: Task a503dbfdd035718d233f0e68aa5cf209c54c75c17df8441049857062c2da9502 failed: retries exhausted after 6 attempts
[debug] [2020-04-22T14:03:15.524Z] FirebaseError: Task 8d4ccd5927732ed42b926a10631a71ec8e6446f793b93730c4ee8452410045de failed: retries exhausted after 6 attempts
[debug] [2020-04-22T14:03:15.534Z] FirebaseError: Task 971c9d9804e0784758477e0e93f3a267304be80975bfc5e17ed6adfa3a672872 failed: retries exhausted after 6 attempts
[debug] [2020-04-22T14:03:15.537Z] FirebaseError: Task 6dcf007601314deca05a83df4e99cb4ba4c4faefa82586af7fe67f296f86e5f7 failed: retries exhausted after 6 attempts
[debug] [2020-04-22T14:03:15.538Z] FirebaseError: Task 1e2edf7feb85bca6504246f3443215af34477bc9e7d9715261a59e88388fb5f8 failed: retries exhausted after 6 attempts
[debug] [2020-04-22T14:03:15.545Z] FirebaseError: Task 3e806f8e40079672375f772fc0df8a50a297adb13c6f56386609184d95be1be1 failed: retries exhausted after 6 attempts
[debug] [2020-04-22T14:03:15.548Z] FirebaseError: Task 76c449ccb9cd117c2f2338f091b18f7050f3210e249b2228f5c81b23f34377cd failed: retries exhausted after 6 attempts
[debug] [2020-04-22T14:03:15.548Z] FirebaseError: Task cb460620d74f6ec1ef34c28dd365c7843ba7a7654e0b21493e5af220966437c7 failed: retries exhausted after 6 attempts
[debug] [2020-04-22T14:03:15.550Z] FirebaseError: Task 58318c6c0e8c29659a4140b4127f003caecb135980716df844dd608b60d4dac2 failed: retries exhausted after 6 attempts
[debug] [2020-04-22T14:03:15.560Z] FirebaseError: Task bc34f145928b9ed0fe6772f80542947280fd5911cea34d224e4a7bd6ba3061b1 failed: retries exhausted after 6 attempts
[debug] [2020-04-22T14:03:15.560Z] FirebaseError: Task ad951cafe2d37509a32cbf599e73c84a7eb87d75d633afdb965f7d550ea2f32d failed: retries exhausted after 6 attempts
[debug] [2020-04-22T14:03:15.560Z] FirebaseError: Task 04d7de028270612602cf1ff35d0bf530878de2ca2ac8901661beef4e78aeeb44 failed: retries exhausted after 6 attempts
[debug] [2020-04-22T14:03:15.566Z] FirebaseError: Task a62fa7074c60e04e05609e9163b9c3dc330876a3e9a0a61863c70ab563e9ca7a failed: retries exhausted after 6 attempts
[debug] [2020-04-22T14:03:15.567Z] FirebaseError: Task 956a876167d15b95b2f83ed9ed2fcda5b7ef8d9725940429ebdc69e21f63f67e failed: retries exhausted after 6 attempts
[debug] [2020-04-22T14:03:15.574Z] FirebaseError: Task 1ec117bbc5ee0008cae7181b5cf6e1f2898ab331e90ccbe8a392bba6a881ebb0 failed: retries exhausted after 6 attempts
[debug] [2020-04-22T14:03:15.607Z] FirebaseError: Task 3ab2e607ec8efbec4cb7518ddc38f2bfcf01ba9362d6ca55b7018021f5b3edc3 failed: retries exhausted after 6 attempts
[debug] [2020-04-22T14:03:15.607Z] FirebaseError: Task f3d70a68a6af5fa0200ca987d85ae3270024067dcb8ac2a8ab846c9171a3cb8f failed: retries exhausted after 6 attempts
[debug] [2020-04-22T14:03:15.610Z] FirebaseError: Task 86139594a44763d4d2d3bd7c22b035ba0588ea64b3f38ceb6f79140441c1c15f failed: retries exhausted after 6 attempts
[debug] [2020-04-22T14:03:15.616Z] FirebaseError: Task 360fb1a14a79c2c87316942329120831b54116b6797a0eb88b9dfdda1964bee2 failed: retries exhausted after 6 attempts
[debug] [2020-04-22T14:03:15.618Z] FirebaseError: Task 3c9bc16fba5ff593331d3abc2f3be2c28697247f4ac4d43c09f7516170d378e2 failed: retries exhausted after 6 attempts
[debug] [2020-04-22T14:03:15.623Z] FirebaseError: Task e8ab3ced8a0f11065d30efc94ab87d4a59398e18833af1e62b8af82317245e9e failed: retries exhausted after 6 attempts
[debug] [2020-04-22T14:03:15.623Z] FirebaseError: Task 1694a7177ff66583535022bce25a37d0f7c48e0160ed607823cfa0b1e396b6f3 failed: retries exhausted after 6 attempts
[debug] [2020-04-22T14:03:15.626Z] FirebaseError: Task 8a3af59d5ba0e266d370c0744bb87ab53ebbc5fe8774f0c0c894186768831e3b failed: retries exhausted after 6 attempts
[debug] [2020-04-22T14:03:15.626Z] FirebaseError: Task 533e97563c188b12b5628856fc9c41336a9f224d5dd11918f60d3e01701d8014 failed: retries exhausted after 6 attempts
[debug] [2020-04-22T14:03:15.637Z] FirebaseError: Task ddd16a776a244a39ffe82ec6305f3d1e75f5ab3e5b109a4de0bd15b2364574ff failed: retries exhausted after 6 attempts
[debug] [2020-04-22T14:03:15.646Z] FirebaseError: Task d59e4267e8602936f1bead5bb1c426a1b80056676a2c65977781511ff35945d0 failed: retries exhausted after 6 attempts
[debug] [2020-04-22T14:03:15.654Z] FirebaseError: Task 688582b6385827835985f2122c47422583e32751222293b0d8821bfdface599e failed: retries exhausted after 6 attempts
[debug] [2020-04-22T14:03:15.654Z] FirebaseError: Task d69b6805eef70d051127d6bb1f4beacf5e1440f9c4c4f0b9a130b87163bd3188 failed: retries exhausted after 6 attempts
[debug] [2020-04-22T14:03:15.658Z] FirebaseError: Task 976706571a4cb82f15c631a68ae5ff787103b0d8eedfaaad0dd4eb50be99e763 failed: retries exhausted after 6 attempts
[debug] [2020-04-22T14:03:15.658Z] FirebaseError: Task e123750e2b175018cba9dfb4771194238a3043e7e553cd8c5b7cfea11da80b22 failed: retries exhausted after 6 attempts
[debug] [2020-04-22T14:03:15.658Z] FirebaseError: Task c91204b29bee3398d41f51df12af222f2ab9828b31cfd50add32e99c26a5ca82 failed: retries exhausted after 6 attempts
[debug] [2020-04-22T14:03:15.658Z] FirebaseError: Task 5a90b90683528e4ccbbb7988cfaf55572a2e0acabea3b9486e7cab1083cb6f75 failed: retries exhausted after 6 attempts
[debug] [2020-04-22T14:03:15.659Z] FirebaseError: Task 2544ca049f223a42bff01f72ad930a5edba75bbb7199d0f8430a02ff5aca16ec failed: retries exhausted after 6 attempts
[debug] [2020-04-22T14:03:15.665Z] FirebaseError: Task 6853cc438d2f0e8a55846db74dfe88e3a0abc01ad0771aecdffe27215ebe6611 failed: retries exhausted after 6 attempts
[debug] [2020-04-22T14:03:15.665Z] FirebaseError: Task 98a93859ee2551da365ca5e69f3ca90dea221e0fabe04d0154120dcf2baca43f failed: retries exhausted after 6 attempts
[debug] [2020-04-22T14:03:15.665Z] FirebaseError: Task d0d52119f40a5bef3b92d99b2226707e9b776a476d29062357d6ea9e67dcfdf1 failed: retries exhausted after 6 attempts
[debug] [2020-04-22T14:03:15.670Z] FirebaseError: Task 7ff897d1c45157cc848a640c418af9714005596dd7cdc6b994a9db20ea3d33b1 failed: retries exhausted after 6 attempts
[debug] [2020-04-22T14:03:15.681Z] FirebaseError: Task 2c413002bdd9ba441db88069b0cdcf6290c388f74371f9cc4be41acc929bcbb3 failed: retries exhausted after 6 attempts
[debug] [2020-04-22T14:03:15.695Z] FirebaseError: Task 12c77055696278694a8feb77a9421dd85f8af25a81d812822be112e4be628fcf failed: retries exhausted after 6 attempts
[debug] [2020-04-22T14:03:15.698Z] FirebaseError: Task a44d2e3fccf1437bc1b2f3b87dfbb24bbbd8390f92a1717f903c13b887d28b31 failed: retries exhausted after 6 attempts
[debug] [2020-04-22T14:03:15.705Z] FirebaseError: Task d8c5c9d5045fe6c83705a5c4b077c27b05ccd7f5cba1791249b58150a38e2132 failed: retries exhausted after 6 attempts
[debug] [2020-04-22T14:03:15.709Z] FirebaseError: Task 25718503fab9ba87ba7ba5b3a8cf2163eb3a4f5fa434ba05bf1f9a9d4bfa0542 failed: retries exhausted after 6 attempts
[debug] [2020-04-22T14:03:15.709Z] FirebaseError: Task b9e5f9cde6b8107e61739816c65059fb1ebb122c63092491028fefb584aaa1a3 failed: retries exhausted after 6 attempts
[debug] [2020-04-22T14:03:15.710Z] FirebaseError: Task 1d5e5880f0bba43b9cd7182c754d5a7a2ea0cb99818c664cc8dfeeb869b988e8 failed: retries exhausted after 6 attempts
[debug] [2020-04-22T14:03:15.711Z] FirebaseError: Task 95ce5d29994b5d7a680e765af4043c230703bcda4f01ce676cdc3645c9b0e72b failed: retries exhausted after 6 attempts
[debug] [2020-04-22T14:03:15.711Z] FirebaseError: Task dc97d45b82cbc077f1aecc17fb1c2a96738b2214f35cba9990ece6011c9c452c failed: retries exhausted after 6 attempts
[debug] [2020-04-22T14:03:15.712Z] FirebaseError: Task 9c0c685aad778b013b6d046adf987fee06f02c61bd4149a7999502f2f5ef7328 failed: retries exhausted after 6 attempts
[debug] [2020-04-22T14:03:15.714Z] FirebaseError: Task ae37bd66b867f542b12a035673038ba7bb5a248e93794bdd083004de0ceb3ddd failed: retries exhausted after 6 attempts
[debug] [2020-04-22T14:03:15.714Z] FirebaseError: Task 414f02d8e5eb2008c3a2411956a98e4913cade810cb6b474882dd41b2271fd6b failed: retries exhausted after 6 attempts
[debug] [2020-04-22T14:03:15.715Z] FirebaseError: Task 88fdab32f33eea495e8fd160f9b29800ecf7f22024cffb77efc5e4376bc381bb failed: retries exhausted after 6 attempts
[debug] [2020-04-22T14:03:15.720Z] FirebaseError: Task 823b9541f83f56b78d31d90167acf4bb1eb309be68aa3bbc610e868c9dfd9aaa failed: retries exhausted after 6 attempts
[debug] [2020-04-22T14:03:15.724Z] FirebaseError: Task aa5d705426c6eb1ac1f16f6d8ab553ddccb5bcc646ecb3f581756818c1c51b1e failed: retries exhausted after 6 attempts
[debug] [2020-04-22T14:04:16.847Z] ----------------------------------------------------------------------
[debug] [2020-04-22T14:04:16.854Z] Command:       /usr/local/bin/node /usr/local/bin/firebase deploy -m Criando calculadora
[debug] [2020-04-22T14:04:16.855Z] CLI Version:   7.14.0
[debug] [2020-04-22T14:04:16.855Z] Platform:      linux
[debug] [2020-04-22T14:04:16.855Z] Node Version:  v10.16.3
[debug] [2020-04-22T14:04:16.864Z] Time:          Wed Apr 22 2020 11:04:16 GMT-0300 (GMT-03:00)
[debug] [2020-04-22T14:04:16.864Z] ----------------------------------------------------------------------
[debug] [2020-04-22T14:04:16.864Z] 
[debug] [2020-04-22T14:04:16.894Z] > command requires scopes: ["email","openid","https://www.googleapis.com/auth/cloudplatformprojects.readonly","https://www.googleapis.com/auth/firebase","https://www.googleapis.com/auth/cloud-platform"]
[debug] [2020-04-22T14:04:16.895Z] > authorizing via signed-in user
[debug] [2020-04-22T14:04:16.896Z] [iam] checking project calculator-27520 for permissions ["firebase.projects.get","firebasehosting.sites.update"]
[debug] [2020-04-22T14:04:16.915Z] >>> HTTP REQUEST POST https://cloudresourcemanager.googleapis.com/v1/projects/calculator-27520:testIamPermissions  

[debug] [2020-04-22T14:04:21.164Z] <<< HTTP RESPONSE 200
[debug] [2020-04-22T14:04:21.171Z] >>> HTTP REQUEST GET https://firebase.googleapis.com/v1beta1/projects/calculator-27520  
 
[debug] [2020-04-22T14:04:25.598Z] <<< HTTP RESPONSE 200
[info] 
[info] === Deploying to 'calculator-27520'...
[info] 
[info] i  deploying hosting
[debug] [2020-04-22T14:04:25.615Z] >>> HTTP REQUEST POST https://firebasehosting.googleapis.com/v1beta1/sites/calculator-27520/versions  

[debug] [2020-04-22T14:04:30.416Z] <<< HTTP RESPONSE 200
[info] i  hosting[calculator-27520]: beginning deploy...
[info] i  hosting[calculator-27520]: found 89 files in 
[debug] [2020-04-22T14:04:30.530Z] [hosting] hash cache [] stored for 89 files
[debug] [2020-04-22T14:04:30.531Z] [hosting][hash queue][FINAL]
[debug] [2020-04-22T14:04:30.532Z] >>> HTTP REQUEST POST https://firebasehosting.googleapis.com/v1beta1/sites/calculator-27520/versions/e1a4060fca501abf:populateFiles  
 <request body omitted>
[debug] [2020-04-22T14:04:35.026Z] <<< HTTP RESPONSE 200
[debug] [2020-04-22T14:04:35.120Z] [hosting][populate queue][FINAL]
[debug] [2020-04-22T14:04:35.120Z] [hosting] uploads queued: 67
[debug] [2020-04-22T14:05:05.582Z] [uploadQueue] Retrying task 54f96b56cddfbbbe1afc38679c428b3602b0996ccecf741009c759282814cb62
[debug] [2020-04-22T14:05:05.589Z] [uploadQueue] Retrying task 469e3d9f1397bc2d9b8fe9b0b9d2d2ad1241c8241df02cb6faed920d476ed88b
[debug] [2020-04-22T14:05:05.590Z] [uploadQueue] Retrying task 92c7efd885107b431c6ee3b86afbb19d9aeb039f53a39d4dc83810dda7c9bb85
[debug] [2020-04-22T14:05:05.590Z] [uploadQueue] Retrying task 360fb1a14a79c2c87316942329120831b54116b6797a0eb88b9dfdda1964bee2
[debug] [2020-04-22T14:05:05.591Z] [uploadQueue] Retrying task 2c413002bdd9ba441db88069b0cdcf6290c388f74371f9cc4be41acc929bcbb3
[debug] [2020-04-22T14:05:05.603Z] [uploadQueue] Retrying task 88fdab32f33eea495e8fd160f9b29800ecf7f22024cffb77efc5e4376bc381bb
[debug] [2020-04-22T14:05:05.603Z] [uploadQueue] Retrying task 3e806f8e40079672375f772fc0df8a50a297adb13c6f56386609184d95be1be1
[debug] [2020-04-22T14:05:05.609Z] [uploadQueue] Retrying task 12c77055696278694a8feb77a9421dd85f8af25a81d812822be112e4be628fcf
[debug] [2020-04-22T14:05:05.632Z] [uploadQueue] Retrying task 587ec70bed8c9f5bfe4f35226126e547db7a9081de2fefc1b46b823d8940dcff
[debug] [2020-04-22T14:05:05.633Z] [uploadQueue] Retrying task d59e4267e8602936f1bead5bb1c426a1b80056676a2c65977781511ff35945d0
[debug] [2020-04-22T14:05:05.633Z] [uploadQueue] Retrying task 1d5e5880f0bba43b9cd7182c754d5a7a2ea0cb99818c664cc8dfeeb869b988e8
[debug] [2020-04-22T14:05:05.634Z] [uploadQueue] Retrying task 3c9bc16fba5ff593331d3abc2f3be2c28697247f4ac4d43c09f7516170d378e2
[debug] [2020-04-22T14:05:05.634Z] [uploadQueue] Retrying task f61f7578ebc2cfb6cf12386a9bba80fd69cd883a1c58e12b31b9b1fbc05f0e8c
[debug] [2020-04-22T14:05:05.634Z] [uploadQueue] Retrying task 823b9541f83f56b78d31d90167acf4bb1eb309be68aa3bbc610e868c9dfd9aaa
[debug] [2020-04-22T14:05:05.635Z] [uploadQueue] Retrying task 58318c6c0e8c29659a4140b4127f003caecb135980716df844dd608b60d4dac2
[debug] [2020-04-22T14:05:05.635Z] [uploadQueue] Retrying task dc97d45b82cbc077f1aecc17fb1c2a96738b2214f35cba9990ece6011c9c452c
[debug] [2020-04-22T14:05:05.635Z] [uploadQueue] Retrying task 2544ca049f223a42bff01f72ad930a5edba75bbb7199d0f8430a02ff5aca16ec
[debug] [2020-04-22T14:05:05.636Z] [uploadQueue] Retrying task e8ab3ced8a0f11065d30efc94ab87d4a59398e18833af1e62b8af82317245e9e
[debug] [2020-04-22T14:05:05.636Z] [uploadQueue] Retrying task 27231d17f5102ab4389f132b5287a12bdfaa01e8c7bc20185b753fdbbbab47bc
[debug] [2020-04-22T14:05:05.636Z] [uploadQueue] Retrying task 81343344af833a306799cf24d50eb9ecfde0383393aab31d7bbfe54faf036358
[debug] [2020-04-22T14:05:05.637Z] [uploadQueue] Retrying task 414f02d8e5eb2008c3a2411956a98e4913cade810cb6b474882dd41b2271fd6b
[debug] [2020-04-22T14:05:05.637Z] [uploadQueue] Retrying task d69b6805eef70d051127d6bb1f4beacf5e1440f9c4c4f0b9a130b87163bd3188
[debug] [2020-04-22T14:05:05.638Z] [uploadQueue] Retrying task 04d7de028270612602cf1ff35d0bf530878de2ca2ac8901661beef4e78aeeb44
[debug] [2020-04-22T14:05:05.638Z] [uploadQueue] Retrying task 6853cc438d2f0e8a55846db74dfe88e3a0abc01ad0771aecdffe27215ebe6611
[debug] [2020-04-22T14:05:05.638Z] [uploadQueue] Retrying task 1694a7177ff66583535022bce25a37d0f7c48e0160ed607823cfa0b1e396b6f3
[debug] [2020-04-22T14:05:05.639Z] [uploadQueue] Retrying task 1ec117bbc5ee0008cae7181b5cf6e1f2898ab331e90ccbe8a392bba6a881ebb0
[debug] [2020-04-22T14:05:05.650Z] [uploadQueue] Retrying task a503dbfdd035718d233f0e68aa5cf209c54c75c17df8441049857062c2da9502
[debug] [2020-04-22T14:05:05.650Z] [uploadQueue] Retrying task 8ecb45a7ba999282d8d539866fc60e33bb1964b57c1fa5779c8c87c617de54bd
[debug] [2020-04-22T14:05:05.650Z] [uploadQueue] Retrying task 1a885fef8d11fb8feffe75ac234cea51e6135790eac4497948c6615025277102
[debug] [2020-04-22T14:05:05.651Z] [uploadQueue] Retrying task 6dcf007601314deca05a83df4e99cb4ba4c4faefa82586af7fe67f296f86e5f7
[debug] [2020-04-22T14:05:05.651Z] [uploadQueue] Retrying task 3ab2e607ec8efbec4cb7518ddc38f2bfcf01ba9362d6ca55b7018021f5b3edc3
[debug] [2020-04-22T14:05:05.653Z] [uploadQueue] Retrying task 8d4ccd5927732ed42b926a10631a71ec8e6446f793b93730c4ee8452410045de
[debug] [2020-04-22T14:05:05.653Z] [uploadQueue] Retrying task b313581fb8de3ba4398978341c64b9bfaff52a3a219d1aff1873972ce43b9041
[debug] [2020-04-22T14:05:05.653Z] [uploadQueue] Retrying task df8e438791f5effd60fda3b955591e16365da4659e406f9fe65fe8015cf3966f
[debug] [2020-04-22T14:05:05.653Z] [uploadQueue] Retrying task d0d52119f40a5bef3b92d99b2226707e9b776a476d29062357d6ea9e67dcfdf1
[debug] [2020-04-22T14:05:05.654Z] [uploadQueue] Retrying task 55fbf43c56303f2279678b41db35e3c0785431487a2f0c1ebfc461188eb2eb86
[debug] [2020-04-22T14:05:05.654Z] [uploadQueue] Retrying task aa5d705426c6eb1ac1f16f6d8ab553ddccb5bcc646ecb3f581756818c1c51b1e
[debug] [2020-04-22T14:05:05.654Z] [uploadQueue] Retrying task 95ce5d29994b5d7a680e765af4043c230703bcda4f01ce676cdc3645c9b0e72b
[debug] [2020-04-22T14:05:05.654Z] [uploadQueue] Retrying task 533e97563c188b12b5628856fc9c41336a9f224d5dd11918f60d3e01701d8014
[debug] [2020-04-22T14:05:05.654Z] [uploadQueue] Retrying task ad951cafe2d37509a32cbf599e73c84a7eb87d75d633afdb965f7d550ea2f32d
[debug] [2020-04-22T14:05:05.654Z] [uploadQueue] Retrying task a44d2e3fccf1437bc1b2f3b87dfbb24bbbd8390f92a1717f903c13b887d28b31
[debug] [2020-04-22T14:05:05.654Z] [uploadQueue] Retrying task 976706571a4cb82f15c631a68ae5ff787103b0d8eedfaaad0dd4eb50be99e763
[debug] [2020-04-22T14:05:05.655Z] [uploadQueue] Retrying task 86139594a44763d4d2d3bd7c22b035ba0588ea64b3f38ceb6f79140441c1c15f
[debug] [2020-04-22T14:05:05.655Z] [uploadQueue] Retrying task 98a93859ee2551da365ca5e69f3ca90dea221e0fabe04d0154120dcf2baca43f
[debug] [2020-04-22T14:05:05.655Z] [uploadQueue] Retrying task ae37bd66b867f542b12a035673038ba7bb5a248e93794bdd083004de0ceb3ddd
[debug] [2020-04-22T14:05:05.655Z] [uploadQueue] Retrying task bc34f145928b9ed0fe6772f80542947280fd5911cea34d224e4a7bd6ba3061b1
[debug] [2020-04-22T14:05:05.655Z] [uploadQueue] Retrying task c91204b29bee3398d41f51df12af222f2ab9828b31cfd50add32e99c26a5ca82
[debug] [2020-04-22T14:05:05.655Z] [uploadQueue] Retrying task cb460620d74f6ec1ef34c28dd365c7843ba7a7654e0b21493e5af220966437c7
[debug] [2020-04-22T14:05:05.655Z] [uploadQueue] Retrying task 496e1a3af3c04cc7869eb2f37f3004fe808b460e98fbd0002081b3f2fb9a7f89
[debug] [2020-04-22T14:05:36.476Z] [uploadQueue] Retrying task 54f96b56cddfbbbe1afc38679c428b3602b0996ccecf741009c759282814cb62
[debug] [2020-04-22T14:05:36.481Z] [uploadQueue] Retrying task 469e3d9f1397bc2d9b8fe9b0b9d2d2ad1241c8241df02cb6faed920d476ed88b
[debug] [2020-04-22T14:05:36.482Z] [uploadQueue] Retrying task 92c7efd885107b431c6ee3b86afbb19d9aeb039f53a39d4dc83810dda7c9bb85
[debug] [2020-04-22T14:05:36.485Z] [uploadQueue] Retrying task 360fb1a14a79c2c87316942329120831b54116b6797a0eb88b9dfdda1964bee2
[debug] [2020-04-22T14:05:36.491Z] [uploadQueue] Retrying task 2c413002bdd9ba441db88069b0cdcf6290c388f74371f9cc4be41acc929bcbb3
[debug] [2020-04-22T14:05:36.495Z] [uploadQueue] Retrying task 88fdab32f33eea495e8fd160f9b29800ecf7f22024cffb77efc5e4376bc381bb
[debug] [2020-04-22T14:05:36.500Z] [uploadQueue] Retrying task 3e806f8e40079672375f772fc0df8a50a297adb13c6f56386609184d95be1be1
[debug] [2020-04-22T14:05:36.500Z] [uploadQueue] Retrying task 12c77055696278694a8feb77a9421dd85f8af25a81d812822be112e4be628fcf
[debug] [2020-04-22T14:05:36.508Z] [uploadQueue] Retrying task 587ec70bed8c9f5bfe4f35226126e547db7a9081de2fefc1b46b823d8940dcff
[debug] [2020-04-22T14:05:36.508Z] [uploadQueue] Retrying task d59e4267e8602936f1bead5bb1c426a1b80056676a2c65977781511ff35945d0
[debug] [2020-04-22T14:05:36.513Z] [uploadQueue] Retrying task 1d5e5880f0bba43b9cd7182c754d5a7a2ea0cb99818c664cc8dfeeb869b988e8
[debug] [2020-04-22T14:05:36.514Z] [uploadQueue] Retrying task 3c9bc16fba5ff593331d3abc2f3be2c28697247f4ac4d43c09f7516170d378e2
[debug] [2020-04-22T14:05:36.519Z] [uploadQueue] Retrying task f61f7578ebc2cfb6cf12386a9bba80fd69cd883a1c58e12b31b9b1fbc05f0e8c
[debug] [2020-04-22T14:05:36.519Z] [uploadQueue] Retrying task 58318c6c0e8c29659a4140b4127f003caecb135980716df844dd608b60d4dac2
[debug] [2020-04-22T14:05:36.519Z] [uploadQueue] Retrying task dc97d45b82cbc077f1aecc17fb1c2a96738b2214f35cba9990ece6011c9c452c
[debug] [2020-04-22T14:05:36.519Z] [uploadQueue] Retrying task 2544ca049f223a42bff01f72ad930a5edba75bbb7199d0f8430a02ff5aca16ec
[debug] [2020-04-22T14:05:36.524Z] [uploadQueue] Retrying task e8ab3ced8a0f11065d30efc94ab87d4a59398e18833af1e62b8af82317245e9e
[debug] [2020-04-22T14:05:36.525Z] [uploadQueue] Retrying task 27231d17f5102ab4389f132b5287a12bdfaa01e8c7bc20185b753fdbbbab47bc
[debug] [2020-04-22T14:05:36.532Z] [uploadQueue] Retrying task 81343344af833a306799cf24d50eb9ecfde0383393aab31d7bbfe54faf036358
[debug] [2020-04-22T14:05:36.533Z] [uploadQueue] Retrying task 414f02d8e5eb2008c3a2411956a98e4913cade810cb6b474882dd41b2271fd6b
[debug] [2020-04-22T14:05:36.533Z] [uploadQueue] Retrying task d69b6805eef70d051127d6bb1f4beacf5e1440f9c4c4f0b9a130b87163bd3188
[debug] [2020-04-22T14:05:36.533Z] [uploadQueue] Retrying task 04d7de028270612602cf1ff35d0bf530878de2ca2ac8901661beef4e78aeeb44
[debug] [2020-04-22T14:05:36.540Z] [uploadQueue] Retrying task 6853cc438d2f0e8a55846db74dfe88e3a0abc01ad0771aecdffe27215ebe6611
[debug] [2020-04-22T14:05:36.540Z] [uploadQueue] Retrying task 1694a7177ff66583535022bce25a37d0f7c48e0160ed607823cfa0b1e396b6f3
[debug] [2020-04-22T14:05:36.540Z] [uploadQueue] Retrying task 1ec117bbc5ee0008cae7181b5cf6e1f2898ab331e90ccbe8a392bba6a881ebb0
[debug] [2020-04-22T14:05:36.540Z] [uploadQueue] Retrying task a503dbfdd035718d233f0e68aa5cf209c54c75c17df8441049857062c2da9502
[debug] [2020-04-22T14:05:36.542Z] [uploadQueue] Retrying task 8ecb45a7ba999282d8d539866fc60e33bb1964b57c1fa5779c8c87c617de54bd
[debug] [2020-04-22T14:05:36.547Z] [uploadQueue] Retrying task 1a885fef8d11fb8feffe75ac234cea51e6135790eac4497948c6615025277102
[debug] [2020-04-22T14:05:36.556Z] [uploadQueue] Retrying task 6dcf007601314deca05a83df4e99cb4ba4c4faefa82586af7fe67f296f86e5f7
[debug] [2020-04-22T14:05:36.556Z] [uploadQueue] Retrying task 3ab2e607ec8efbec4cb7518ddc38f2bfcf01ba9362d6ca55b7018021f5b3edc3
[debug] [2020-04-22T14:05:36.556Z] [uploadQueue] Retrying task 8d4ccd5927732ed42b926a10631a71ec8e6446f793b93730c4ee8452410045de
[debug] [2020-04-22T14:05:36.565Z] [uploadQueue] Retrying task b313581fb8de3ba4398978341c64b9bfaff52a3a219d1aff1873972ce43b9041
[debug] [2020-04-22T14:05:36.565Z] [uploadQueue] Retrying task df8e438791f5effd60fda3b955591e16365da4659e406f9fe65fe8015cf3966f
[debug] [2020-04-22T14:05:36.565Z] [uploadQueue] Retrying task d0d52119f40a5bef3b92d99b2226707e9b776a476d29062357d6ea9e67dcfdf1
[debug] [2020-04-22T14:05:36.570Z] [uploadQueue] Retrying task 823b9541f83f56b78d31d90167acf4bb1eb309be68aa3bbc610e868c9dfd9aaa
[debug] [2020-04-22T14:05:36.570Z] [uploadQueue] Retrying task aa5d705426c6eb1ac1f16f6d8ab553ddccb5bcc646ecb3f581756818c1c51b1e
[debug] [2020-04-22T14:05:36.570Z] [uploadQueue] Retrying task 95ce5d29994b5d7a680e765af4043c230703bcda4f01ce676cdc3645c9b0e72b
[debug] [2020-04-22T14:05:36.576Z] [uploadQueue] Retrying task 533e97563c188b12b5628856fc9c41336a9f224d5dd11918f60d3e01701d8014
[debug] [2020-04-22T14:05:36.584Z] [uploadQueue] Retrying task ad951cafe2d37509a32cbf599e73c84a7eb87d75d633afdb965f7d550ea2f32d
[debug] [2020-04-22T14:05:36.584Z] [uploadQueue] Retrying task a44d2e3fccf1437bc1b2f3b87dfbb24bbbd8390f92a1717f903c13b887d28b31
[debug] [2020-04-22T14:05:36.590Z] [uploadQueue] Retrying task 976706571a4cb82f15c631a68ae5ff787103b0d8eedfaaad0dd4eb50be99e763
[debug] [2020-04-22T14:05:36.591Z] [uploadQueue] Retrying task 86139594a44763d4d2d3bd7c22b035ba0588ea64b3f38ceb6f79140441c1c15f
[debug] [2020-04-22T14:05:36.599Z] [uploadQueue] Retrying task 98a93859ee2551da365ca5e69f3ca90dea221e0fabe04d0154120dcf2baca43f
[debug] [2020-04-22T14:05:36.600Z] [uploadQueue] Retrying task ae37bd66b867f542b12a035673038ba7bb5a248e93794bdd083004de0ceb3ddd
[debug] [2020-04-22T14:05:36.601Z] [uploadQueue] Retrying task bc34f145928b9ed0fe6772f80542947280fd5911cea34d224e4a7bd6ba3061b1
[debug] [2020-04-22T14:05:36.606Z] [uploadQueue] Retrying task c91204b29bee3398d41f51df12af222f2ab9828b31cfd50add32e99c26a5ca82
[debug] [2020-04-22T14:05:36.607Z] [uploadQueue] Retrying task cb460620d74f6ec1ef34c28dd365c7843ba7a7654e0b21493e5af220966437c7
[debug] [2020-04-22T14:05:36.607Z] [uploadQueue] Retrying task 496e1a3af3c04cc7869eb2f37f3004fe808b460e98fbd0002081b3f2fb9a7f89
[debug] [2020-04-22T14:05:36.614Z] [uploadQueue] Retrying task 55fbf43c56303f2279678b41db35e3c0785431487a2f0c1ebfc461188eb2eb86
[debug] [2020-04-22T14:06:08.080Z] [uploadQueue] Retrying task 54f96b56cddfbbbe1afc38679c428b3602b0996ccecf741009c759282814cb62
[debug] [2020-04-22T14:06:08.089Z] [uploadQueue] Retrying task 469e3d9f1397bc2d9b8fe9b0b9d2d2ad1241c8241df02cb6faed920d476ed88b
[debug] [2020-04-22T14:06:08.093Z] [uploadQueue] Retrying task 92c7efd885107b431c6ee3b86afbb19d9aeb039f53a39d4dc83810dda7c9bb85
[debug] [2020-04-22T14:06:08.096Z] [uploadQueue] Retrying task 360fb1a14a79c2c87316942329120831b54116b6797a0eb88b9dfdda1964bee2
[debug] [2020-04-22T14:06:08.109Z] [uploadQueue] Retrying task 2c413002bdd9ba441db88069b0cdcf6290c388f74371f9cc4be41acc929bcbb3
[debug] [2020-04-22T14:06:08.118Z] [uploadQueue] Retrying task 88fdab32f33eea495e8fd160f9b29800ecf7f22024cffb77efc5e4376bc381bb
[debug] [2020-04-22T14:06:08.119Z] [uploadQueue] Retrying task 3e806f8e40079672375f772fc0df8a50a297adb13c6f56386609184d95be1be1
[debug] [2020-04-22T14:06:08.119Z] [uploadQueue] Retrying task 12c77055696278694a8feb77a9421dd85f8af25a81d812822be112e4be628fcf
[debug] [2020-04-22T14:06:08.125Z] [uploadQueue] Retrying task d59e4267e8602936f1bead5bb1c426a1b80056676a2c65977781511ff35945d0
[debug] [2020-04-22T14:06:08.128Z] [uploadQueue] Retrying task 587ec70bed8c9f5bfe4f35226126e547db7a9081de2fefc1b46b823d8940dcff
[debug] [2020-04-22T14:06:08.132Z] [uploadQueue] Retrying task 1d5e5880f0bba43b9cd7182c754d5a7a2ea0cb99818c664cc8dfeeb869b988e8
[debug] [2020-04-22T14:06:08.143Z] [uploadQueue] Retrying task 3c9bc16fba5ff593331d3abc2f3be2c28697247f4ac4d43c09f7516170d378e2
[debug] [2020-04-22T14:06:08.143Z] [uploadQueue] Retrying task f61f7578ebc2cfb6cf12386a9bba80fd69cd883a1c58e12b31b9b1fbc05f0e8c
[debug] [2020-04-22T14:06:08.143Z] [uploadQueue] Retrying task 58318c6c0e8c29659a4140b4127f003caecb135980716df844dd608b60d4dac2
[debug] [2020-04-22T14:06:08.144Z] [uploadQueue] Retrying task dc97d45b82cbc077f1aecc17fb1c2a96738b2214f35cba9990ece6011c9c452c
[debug] [2020-04-22T14:06:08.144Z] [uploadQueue] Retrying task 2544ca049f223a42bff01f72ad930a5edba75bbb7199d0f8430a02ff5aca16ec
[debug] [2020-04-22T14:06:08.154Z] [uploadQueue] Retrying task e8ab3ced8a0f11065d30efc94ab87d4a59398e18833af1e62b8af82317245e9e
[debug] [2020-04-22T14:06:08.157Z] [uploadQueue] Retrying task 27231d17f5102ab4389f132b5287a12bdfaa01e8c7bc20185b753fdbbbab47bc
[debug] [2020-04-22T14:06:08.158Z] [uploadQueue] Retrying task 81343344af833a306799cf24d50eb9ecfde0383393aab31d7bbfe54faf036358
[debug] [2020-04-22T14:06:08.165Z] [uploadQueue] Retrying task 414f02d8e5eb2008c3a2411956a98e4913cade810cb6b474882dd41b2271fd6b
[debug] [2020-04-22T14:06:08.165Z] [uploadQueue] Retrying task d69b6805eef70d051127d6bb1f4beacf5e1440f9c4c4f0b9a130b87163bd3188
[debug] [2020-04-22T14:06:08.166Z] [uploadQueue] Retrying task 04d7de028270612602cf1ff35d0bf530878de2ca2ac8901661beef4e78aeeb44
[debug] [2020-04-22T14:06:08.166Z] [uploadQueue] Retrying task 6853cc438d2f0e8a55846db74dfe88e3a0abc01ad0771aecdffe27215ebe6611
[debug] [2020-04-22T14:06:08.166Z] [uploadQueue] Retrying task 1694a7177ff66583535022bce25a37d0f7c48e0160ed607823cfa0b1e396b6f3
[debug] [2020-04-22T14:06:08.166Z] [uploadQueue] Retrying task 1ec117bbc5ee0008cae7181b5cf6e1f2898ab331e90ccbe8a392bba6a881ebb0
[debug] [2020-04-22T14:06:08.167Z] [uploadQueue] Retrying task 8ecb45a7ba999282d8d539866fc60e33bb1964b57c1fa5779c8c87c617de54bd
[debug] [2020-04-22T14:06:08.167Z] [uploadQueue] Retrying task a503dbfdd035718d233f0e68aa5cf209c54c75c17df8441049857062c2da9502
[debug] [2020-04-22T14:06:08.180Z] [uploadQueue] Retrying task 1a885fef8d11fb8feffe75ac234cea51e6135790eac4497948c6615025277102
[debug] [2020-04-22T14:06:08.180Z] [uploadQueue] Retrying task 6dcf007601314deca05a83df4e99cb4ba4c4faefa82586af7fe67f296f86e5f7
[debug] [2020-04-22T14:06:08.182Z] [uploadQueue] Retrying task 3ab2e607ec8efbec4cb7518ddc38f2bfcf01ba9362d6ca55b7018021f5b3edc3
[debug] [2020-04-22T14:06:08.183Z] [uploadQueue] Retrying task 8d4ccd5927732ed42b926a10631a71ec8e6446f793b93730c4ee8452410045de
[debug] [2020-04-22T14:06:08.183Z] [uploadQueue] Retrying task b313581fb8de3ba4398978341c64b9bfaff52a3a219d1aff1873972ce43b9041
[debug] [2020-04-22T14:06:08.190Z] [uploadQueue] Retrying task df8e438791f5effd60fda3b955591e16365da4659e406f9fe65fe8015cf3966f
[debug] [2020-04-22T14:06:08.191Z] [uploadQueue] Retrying task d0d52119f40a5bef3b92d99b2226707e9b776a476d29062357d6ea9e67dcfdf1
[debug] [2020-04-22T14:06:08.191Z] [uploadQueue] Retrying task 823b9541f83f56b78d31d90167acf4bb1eb309be68aa3bbc610e868c9dfd9aaa
[debug] [2020-04-22T14:06:08.191Z] [uploadQueue] Retrying task aa5d705426c6eb1ac1f16f6d8ab553ddccb5bcc646ecb3f581756818c1c51b1e
[debug] [2020-04-22T14:06:08.204Z] [uploadQueue] Retrying task 95ce5d29994b5d7a680e765af4043c230703bcda4f01ce676cdc3645c9b0e72b
[debug] [2020-04-22T14:06:08.204Z] [uploadQueue] Retrying task 533e97563c188b12b5628856fc9c41336a9f224d5dd11918f60d3e01701d8014
[debug] [2020-04-22T14:06:08.214Z] [uploadQueue] Retrying task a44d2e3fccf1437bc1b2f3b87dfbb24bbbd8390f92a1717f903c13b887d28b31
[debug] [2020-04-22T14:06:08.215Z] [uploadQueue] Retrying task ad951cafe2d37509a32cbf599e73c84a7eb87d75d633afdb965f7d550ea2f32d
[debug] [2020-04-22T14:06:08.215Z] [uploadQueue] Retrying task 976706571a4cb82f15c631a68ae5ff787103b0d8eedfaaad0dd4eb50be99e763
[debug] [2020-04-22T14:06:08.215Z] [uploadQueue] Retrying task 86139594a44763d4d2d3bd7c22b035ba0588ea64b3f38ceb6f79140441c1c15f
[debug] [2020-04-22T14:06:08.222Z] [uploadQueue] Retrying task 98a93859ee2551da365ca5e69f3ca90dea221e0fabe04d0154120dcf2baca43f
[debug] [2020-04-22T14:06:08.225Z] [uploadQueue] Retrying task ae37bd66b867f542b12a035673038ba7bb5a248e93794bdd083004de0ceb3ddd
[debug] [2020-04-22T14:06:08.232Z] [uploadQueue] Retrying task bc34f145928b9ed0fe6772f80542947280fd5911cea34d224e4a7bd6ba3061b1
[debug] [2020-04-22T14:06:08.232Z] [uploadQueue] Retrying task c91204b29bee3398d41f51df12af222f2ab9828b31cfd50add32e99c26a5ca82
[debug] [2020-04-22T14:06:08.232Z] [uploadQueue] Retrying task cb460620d74f6ec1ef34c28dd365c7843ba7a7654e0b21493e5af220966437c7
[debug] [2020-04-22T14:06:08.232Z] [uploadQueue] Retrying task 496e1a3af3c04cc7869eb2f37f3004fe808b460e98fbd0002081b3f2fb9a7f89
[debug] [2020-04-22T14:06:08.235Z] [uploadQueue] Retrying task 55fbf43c56303f2279678b41db35e3c0785431487a2f0c1ebfc461188eb2eb86
[debug] [2020-04-22T14:06:45.760Z] ----------------------------------------------------------------------
[debug] [2020-04-22T14:06:45.764Z] Command:       /usr/local/bin/node /usr/local/bin/firebase deploy -m Criando calculadora
[debug] [2020-04-22T14:06:45.765Z] CLI Version:   7.14.0
[debug] [2020-04-22T14:06:45.765Z] Platform:      linux
[debug] [2020-04-22T14:06:45.765Z] Node Version:  v10.16.3
[debug] [2020-04-22T14:06:45.766Z] Time:          Wed Apr 22 2020 11:06:45 GMT-0300 (GMT-03:00)
[debug] [2020-04-22T14:06:45.767Z] ----------------------------------------------------------------------
[debug] [2020-04-22T14:06:45.767Z] 
[debug] [2020-04-22T14:06:45.775Z] > command requires scopes: ["email","openid","https://www.googleapis.com/auth/cloudplatformprojects.readonly","https://www.googleapis.com/auth/firebase","https://www.googleapis.com/auth/cloud-platform"]
[debug] [2020-04-22T14:06:45.776Z] > authorizing via signed-in user
[debug] [2020-04-22T14:06:45.776Z] [iam] checking project calculator-27520 for permissions ["firebase.projects.get","firebasehosting.sites.update"]
[debug] [2020-04-22T14:06:45.778Z] >>> HTTP REQUEST POST https://cloudresourcemanager.googleapis.com/v1/projects/calculator-27520:testIamPermissions  

